  [1m[36mActiveRecord::SchemaMigration Load (0.6ms)[0m  [1m[34mSELECT "schema_migrations"."version" FROM "schema_migrations" ORDER BY "schema_migrations"."version" ASC[0m
  [1m[36mActiveRecord::InternalMetadata Load (0.7ms)[0m  [1m[34mSELECT * FROM "ar_internal_metadata" WHERE "ar_internal_metadata"."key" = $1 ORDER BY "ar_internal_metadata"."key" ASC LIMIT 1[0m  [[nil, "environment"]]
  [1m[36mActiveRecord::SchemaMigration Load (0.2ms)[0m  [1m[34mSELECT "schema_migrations"."version" FROM "schema_migrations" ORDER BY "schema_migrations"."version" ASC[0m
  [1m[36mActiveRecord::InternalMetadata Load (0.3ms)[0m  [1m[34mSELECT * FROM "ar_internal_metadata" WHERE "ar_internal_metadata"."key" = $1 ORDER BY "ar_internal_metadata"."key" ASC LIMIT 1[0m  [[nil, "environment"]]
  [1m[36mActiveRecord::SchemaMigration Load (0.2ms)[0m  [1m[34mSELECT "schema_migrations"."version" FROM "schema_migrations" ORDER BY "schema_migrations"."version" ASC[0m
  [1m[36mActiveRecord::InternalMetadata Load (0.2ms)[0m  [1m[34mSELECT * FROM "ar_internal_metadata" WHERE "ar_internal_metadata"."key" = $1 ORDER BY "ar_internal_metadata"."key" ASC LIMIT 1[0m  [[nil, "environment"]]
  [1m[35m (302.9ms)[0m  [1m[35mDROP DATABASE IF EXISTS "rails_authorization_development"[0m
  [1m[35m (321.4ms)[0m  [1m[35mDROP DATABASE IF EXISTS "rails_authorization_test"[0m
  [1m[35m (225.4ms)[0m  [1m[35mCREATE DATABASE "rails_authorization_development" ENCODING = 'unicode'[0m
  [1m[35m (267.5ms)[0m  [1m[35mCREATE DATABASE "rails_authorization_test" ENCODING = 'unicode'[0m
  [1m[35m (136.8ms)[0m  [1m[35mCREATE TABLE "schema_migrations" ("version" character varying NOT NULL PRIMARY KEY)[0m
  [1m[35m (127.6ms)[0m  [1m[35mCREATE TABLE "ar_internal_metadata" ("key" character varying NOT NULL PRIMARY KEY, "value" character varying, "created_at" timestamp(6) NOT NULL, "updated_at" timestamp(6) NOT NULL)[0m
  [1m[35m (0.3ms)[0m  [1m[34mSELECT pg_try_advisory_lock(1184012072199246360)[0m
  [1m[36mActiveRecord::SchemaMigration Load (0.9ms)[0m  [1m[34mSELECT "schema_migrations"."version" FROM "schema_migrations" ORDER BY "schema_migrations"."version" ASC[0m
  [1m[36mActiveRecord::InternalMetadata Load (1.3ms)[0m  [1m[34mSELECT * FROM "ar_internal_metadata" WHERE "ar_internal_metadata"."key" = $1 ORDER BY "ar_internal_metadata"."key" ASC LIMIT 1[0m  [[nil, "environment"]]
  [1m[36mActiveRecord::InternalMetadata Create (12.6ms)[0m  [1m[32mINSERT INTO "ar_internal_metadata" ("key", "value", "created_at", "updated_at") VALUES ('environment', 'development', '2024-10-13 19:48:59.389942', '2024-10-13 19:48:59.389949') RETURNING "key"[0m
Migrating to DeviseCreateUsers (20230321153651)
  [1m[36mTRANSACTION (0.2ms)[0m  [1m[35mBEGIN[0m
  [1m[35m (94.6ms)[0m  [1m[35mCREATE TABLE "users" ("id" bigserial primary key, "email" character varying DEFAULT '' NOT NULL, "encrypted_password" character varying DEFAULT '' NOT NULL, "reset_password_token" character varying, "reset_password_sent_at" timestamp(6), "remember_created_at" timestamp(6), "created_at" timestamp(6) NOT NULL, "updated_at" timestamp(6) NOT NULL)[0m
  [1m[35m (41.9ms)[0m  [1m[35mCREATE UNIQUE INDEX "index_users_on_email" ON "users" ("email")[0m
  [1m[35m (64.6ms)[0m  [1m[35mCREATE UNIQUE INDEX "index_users_on_reset_password_token" ON "users" ("reset_password_token")[0m
  [1m[36mActiveRecord::SchemaMigration Create (0.5ms)[0m  [1m[32mINSERT INTO "schema_migrations" ("version") VALUES ('20230321153651') RETURNING "version"[0m
  [1m[36mTRANSACTION (19.1ms)[0m  [1m[35mCOMMIT[0m
Migrating to CreateRestaurants (20230321154828)
  [1m[36mTRANSACTION (0.3ms)[0m  [1m[35mBEGIN[0m
  [1m[35m (98.5ms)[0m  [1m[35mCREATE TABLE "restaurants" ("id" bigserial primary key, "name" character varying, "user_id" bigint NOT NULL, "created_at" timestamp(6) NOT NULL, "updated_at" timestamp(6) NOT NULL, CONSTRAINT "fk_rails_aef57e41ec"
FOREIGN KEY ("user_id")
  REFERENCES "users" ("id")
)[0m
  [1m[35m (41.6ms)[0m  [1m[35mCREATE INDEX "index_restaurants_on_user_id" ON "restaurants" ("user_id")[0m
  [1m[36mActiveRecord::SchemaMigration Create (0.5ms)[0m  [1m[32mINSERT INTO "schema_migrations" ("version") VALUES ('20230321154828') RETURNING "version"[0m
  [1m[36mTRANSACTION (16.3ms)[0m  [1m[35mCOMMIT[0m
Migrating to AddAdminToUsers (20230321172223)
  [1m[36mTRANSACTION (0.4ms)[0m  [1m[35mBEGIN[0m
  [1m[35m (24.9ms)[0m  [1m[35mALTER TABLE "users" ADD "admin" boolean[0m
  [1m[36mActiveRecord::SchemaMigration Create (0.4ms)[0m  [1m[32mINSERT INTO "schema_migrations" ("version") VALUES ('20230321172223') RETURNING "version"[0m
  [1m[36mTRANSACTION (9.8ms)[0m  [1m[35mCOMMIT[0m
  [1m[35m (0.4ms)[0m  [1m[34mSELECT pg_advisory_unlock(1184012072199246360)[0m
  [1m[36mActiveRecord::SchemaMigration Load (0.5ms)[0m  [1m[34mSELECT "schema_migrations"."version" FROM "schema_migrations" ORDER BY "schema_migrations"."version" ASC[0m
Started GET "/" for 127.0.0.1 at 2024-10-13 20:49:20 +0100
  [1m[36mActiveRecord::SchemaMigration Load (0.6ms)[0m  [1m[34mSELECT "schema_migrations"."version" FROM "schema_migrations" ORDER BY "schema_migrations"."version" ASC[0m
Processing by PagesController#home as HTML
  Rendering layout layouts/application.html.erb
  Rendering pages/home.html.erb within layouts/application
  Rendered pages/home.html.erb within layouts/application (Duration: 0.7ms | Allocations: 177)
  Rendered shared/_navbar.html.erb (Duration: 3.4ms | Allocations: 762)
  Rendered shared/_flashes.html.erb (Duration: 0.6ms | Allocations: 216)
  Rendered layout layouts/application.html.erb (Duration: 10217.7ms | Allocations: 203637)
Completed 200 OK in 10270ms (Views: 10229.1ms | ActiveRecord: 0.0ms | Allocations: 213721)


Started GET "/restaurants" for 127.0.0.1 at 2024-10-13 20:50:02 +0100
Processing by RestaurantsController#index as HTML
Completed 401 Unauthorized in 14ms (ActiveRecord: 0.0ms | Allocations: 2861)


Started GET "/users/sign_in" for 127.0.0.1 at 2024-10-13 20:50:03 +0100
Processing by Devise::SessionsController#new as HTML
  Rendering layout layouts/application.html.erb
  Rendering devise/sessions/new.html.erb within layouts/application
  Rendered devise/shared/_links.html.erb (Duration: 1.1ms | Allocations: 543)
  Rendered devise/sessions/new.html.erb within layouts/application (Duration: 79.9ms | Allocations: 16635)
  Rendered shared/_navbar.html.erb (Duration: 0.8ms | Allocations: 124)
  Rendered shared/_flashes.html.erb (Duration: 0.2ms | Allocations: 37)
  Rendered layout layouts/application.html.erb (Duration: 94.6ms | Allocations: 24543)
Completed 200 OK in 250ms (Views: 98.1ms | ActiveRecord: 30.4ms | Allocations: 42204)


Started GET "/users/sign_up" for 127.0.0.1 at 2024-10-13 20:50:26 +0100
Processing by Devise::RegistrationsController#new as HTML
  Rendering layout layouts/application.html.erb
  Rendering devise/registrations/new.html.erb within layouts/application
  Rendered devise/shared/_links.html.erb (Duration: 0.3ms | Allocations: 81)
  Rendered devise/registrations/new.html.erb within layouts/application (Duration: 10.0ms | Allocations: 3524)
  Rendered shared/_navbar.html.erb (Duration: 0.4ms | Allocations: 103)
  Rendered shared/_flashes.html.erb (Duration: 0.1ms | Allocations: 22)
  Rendered layout layouts/application.html.erb (Duration: 29.7ms | Allocations: 11333)
Completed 200 OK in 35ms (Views: 31.3ms | ActiveRecord: 0.0ms | Allocations: 12280)


Started POST "/users" for 127.0.0.1 at 2024-10-13 20:50:38 +0100
Processing by Devise::RegistrationsController#create as HTML
  Parameters: {"authenticity_token"=>"[FILTERED]", "user"=>{"email"=>"pauldevanney92@gmail.com", "password"=>"[FILTERED]", "password_confirmation"=>"[FILTERED]"}, "commit"=>"Sign up"}
  [1m[36mTRANSACTION (0.2ms)[0m  [1m[35mBEGIN[0m
  [1m[36mUser Exists? (3.3ms)[0m  [1m[34mSELECT 1 AS one FROM "users" WHERE "users"."email" = $1 LIMIT $2[0m  [["email", "pauldevanney92@gmail.com"], ["LIMIT", 1]]
  [1m[36mTRANSACTION (0.3ms)[0m  [1m[31mROLLBACK[0m
  Rendering layout layouts/application.html.erb
  Rendering devise/registrations/new.html.erb within layouts/application
  Rendered devise/shared/_links.html.erb (Duration: 0.2ms | Allocations: 69)
  Rendered devise/registrations/new.html.erb within layouts/application (Duration: 4.7ms | Allocations: 4011)
  Rendered shared/_navbar.html.erb (Duration: 0.3ms | Allocations: 100)
  Rendered shared/_flashes.html.erb (Duration: 0.1ms | Allocations: 22)
  Rendered layout layouts/application.html.erb (Duration: 26.0ms | Allocations: 11810)
Completed 422 Unprocessable Content in 406ms (Views: 26.5ms | ActiveRecord: 3.6ms | Allocations: 24186)


Started POST "/users" for 127.0.0.1 at 2024-10-13 20:50:52 +0100
Processing by Devise::RegistrationsController#create as HTML
  Parameters: {"authenticity_token"=>"[FILTERED]", "user"=>{"email"=>"pauldevanney92@gmail.com", "password"=>"[FILTERED]", "password_confirmation"=>"[FILTERED]"}, "commit"=>"Sign up"}
  [1m[36mTRANSACTION (0.3ms)[0m  [1m[35mBEGIN[0m
  [1m[36mUser Exists? (2.2ms)[0m  [1m[34mSELECT 1 AS one FROM "users" WHERE "users"."email" = $1 LIMIT $2[0m  [["email", "pauldevanney92@gmail.com"], ["LIMIT", 1]]
  [1m[36mUser Create (1.2ms)[0m  [1m[32mINSERT INTO "users" ("email", "encrypted_password", "reset_password_token", "reset_password_sent_at", "remember_created_at", "created_at", "updated_at", "admin") VALUES ($1, $2, $3, $4, $5, $6, $7, $8) RETURNING "id"[0m  [["email", "pauldevanney92@gmail.com"], ["encrypted_password", "[FILTERED]"], ["reset_password_token", "[FILTERED]"], ["reset_password_sent_at", "[FILTERED]"], ["remember_created_at", nil], ["created_at", "2024-10-13 19:50:52.651698"], ["updated_at", "2024-10-13 19:50:52.651698"], ["admin", nil]]
  [1m[36mTRANSACTION (21.0ms)[0m  [1m[35mCOMMIT[0m
Redirected to http://127.0.0.1:3000/restaurants
Completed 303 See Other in 380ms (ActiveRecord: 24.6ms | Allocations: 7261)


Started GET "/restaurants" for 127.0.0.1 at 2024-10-13 20:50:52 +0100
Processing by RestaurantsController#index as HTML
  [1m[36mUser Load (0.2ms)[0m  [1m[34mSELECT "users".* FROM "users" WHERE "users"."id" = $1 ORDER BY "users"."id" ASC LIMIT $2[0m  [["id", 1], ["LIMIT", 1]]
  Rendering layout layouts/application.html.erb
  Rendering restaurants/index.html.erb within layouts/application
  [1m[36mRestaurant Load (0.4ms)[0m  [1m[34mSELECT "restaurants".* FROM "restaurants" WHERE "restaurants"."user_id" = $1[0m  [["user_id", 1]]
  ↳ app/views/restaurants/index.html.erb:6
  Rendered restaurants/index.html.erb within layouts/application (Duration: 2.5ms | Allocations: 771)
  Rendered shared/_navbar.html.erb (Duration: 0.3ms | Allocations: 148)
  Rendered shared/_flashes.html.erb (Duration: 0.1ms | Allocations: 18)
  Rendered layout layouts/application.html.erb (Duration: 14.0ms | Allocations: 8633)
Completed 200 OK in 37ms (Views: 16.0ms | ActiveRecord: 2.2ms | Allocations: 13768)


Started GET "/restaurants/new" for 127.0.0.1 at 2024-10-13 20:51:13 +0100
Processing by RestaurantsController#new as HTML
  [1m[36mUser Load (0.6ms)[0m  [1m[34mSELECT "users".* FROM "users" WHERE "users"."id" = $1 ORDER BY "users"."id" ASC LIMIT $2[0m  [["id", 1], ["LIMIT", 1]]
  Rendering layout layouts/application.html.erb
  Rendering restaurants/new.html.erb within layouts/application
  Rendered restaurants/_form.html.erb (Duration: 13.3ms | Allocations: 1943)
  Rendered restaurants/new.html.erb within layouts/application (Duration: 14.4ms | Allocations: 2217)
  Rendered shared/_navbar.html.erb (Duration: 0.8ms | Allocations: 142)
  Rendered shared/_flashes.html.erb (Duration: 0.1ms | Allocations: 22)
  Rendered layout layouts/application.html.erb (Duration: 31.1ms | Allocations: 10066)
Completed 200 OK in 60ms (Views: 31.7ms | ActiveRecord: 3.6ms | Allocations: 15613)


Started POST "/restaurants" for 127.0.0.1 at 2024-10-13 20:51:19 +0100
Processing by RestaurantsController#create as TURBO_STREAM
  Parameters: {"authenticity_token"=>"[FILTERED]", "restaurant"=>{"name"=>"Ambala"}, "commit"=>"Create Restaurant"}
  [1m[36mUser Load (0.4ms)[0m  [1m[34mSELECT "users".* FROM "users" WHERE "users"."id" = $1 ORDER BY "users"."id" ASC LIMIT $2[0m  [["id", 1], ["LIMIT", 1]]
  [1m[36mTRANSACTION (0.3ms)[0m  [1m[35mBEGIN[0m
  ↳ app/controllers/restaurants_controller.rb:31:in `create'
  [1m[36mRestaurant Create (3.2ms)[0m  [1m[32mINSERT INTO "restaurants" ("name", "user_id", "created_at", "updated_at") VALUES ($1, $2, $3, $4) RETURNING "id"[0m  [["name", "Ambala"], ["user_id", 1], ["created_at", "2024-10-13 19:51:19.483937"], ["updated_at", "2024-10-13 19:51:19.483937"]]
  ↳ app/controllers/restaurants_controller.rb:31:in `create'
  [1m[36mTRANSACTION (23.0ms)[0m  [1m[35mCOMMIT[0m
  ↳ app/controllers/restaurants_controller.rb:31:in `create'
Redirected to http://127.0.0.1:3000/restaurants/1
Completed 302 Found in 91ms (ActiveRecord: 26.7ms | Allocations: 7998)


Started GET "/restaurants/1" for 127.0.0.1 at 2024-10-13 20:51:19 +0100
Processing by RestaurantsController#show as TURBO_STREAM
  Parameters: {"id"=>"1"}
  [1m[36mUser Load (0.4ms)[0m  [1m[34mSELECT "users".* FROM "users" WHERE "users"."id" = $1 ORDER BY "users"."id" ASC LIMIT $2[0m  [["id", 1], ["LIMIT", 1]]
  [1m[36mRestaurant Load (0.4ms)[0m  [1m[34mSELECT "restaurants".* FROM "restaurants" WHERE "restaurants"."id" = $1 LIMIT $2[0m  [["id", 1], ["LIMIT", 1]]
  ↳ app/controllers/restaurants_controller.rb:58:in `set_restaurant'
  Rendering layout layouts/application.html.erb
  Rendering restaurants/show.html.erb within layouts/application
  Rendered restaurants/_restaurant.html.erb (Duration: 0.9ms | Allocations: 166)
  [1m[36mUser Load (0.5ms)[0m  [1m[34mSELECT "users".* FROM "users" WHERE "users"."id" = $1 LIMIT $2[0m  [["id", 1], ["LIMIT", 1]]
  ↳ app/policies/restaurant_policy.rb:20:in `update?'
  Rendered restaurants/show.html.erb within layouts/application (Duration: 13.9ms | Allocations: 3393)
  Rendered shared/_navbar.html.erb (Duration: 0.3ms | Allocations: 142)
  Rendered shared/_flashes.html.erb (Duration: 0.0ms | Allocations: 18)
  Rendered layout layouts/application.html.erb (Duration: 27.3ms | Allocations: 11230)
Completed 200 OK in 37ms (Views: 27.5ms | ActiveRecord: 1.3ms | Allocations: 14106)


Started GET "/restaurants" for 127.0.0.1 at 2024-10-13 20:51:23 +0100
Processing by RestaurantsController#index as HTML
  [1m[36mUser Load (0.7ms)[0m  [1m[34mSELECT "users".* FROM "users" WHERE "users"."id" = $1 ORDER BY "users"."id" ASC LIMIT $2[0m  [["id", 1], ["LIMIT", 1]]
  Rendering layout layouts/application.html.erb
  Rendering restaurants/index.html.erb within layouts/application
  [1m[36mRestaurant Load (0.6ms)[0m  [1m[34mSELECT "restaurants".* FROM "restaurants" WHERE "restaurants"."user_id" = $1[0m  [["user_id", 1]]
  ↳ app/views/restaurants/index.html.erb:6
  Rendered restaurants/_restaurant.html.erb (Duration: 0.2ms | Allocations: 18)
  Rendered restaurants/index.html.erb within layouts/application (Duration: 5.9ms | Allocations: 625)
  Rendered shared/_navbar.html.erb (Duration: 0.4ms | Allocations: 142)
  Rendered shared/_flashes.html.erb (Duration: 0.1ms | Allocations: 13)
  Rendered layout layouts/application.html.erb (Duration: 52.4ms | Allocations: 8462)
Completed 200 OK in 65ms (Views: 53.2ms | ActiveRecord: 1.2ms | Allocations: 10187)


Started GET "/restaurants" for 127.0.0.1 at 2024-10-13 20:51:23 +0100
Processing by RestaurantsController#index as HTML
  [1m[36mUser Load (0.3ms)[0m  [1m[34mSELECT "users".* FROM "users" WHERE "users"."id" = $1 ORDER BY "users"."id" ASC LIMIT $2[0m  [["id", 1], ["LIMIT", 1]]
  Rendering layout layouts/application.html.erb
  Rendering restaurants/index.html.erb within layouts/application
  [1m[36mRestaurant Load (0.4ms)[0m  [1m[34mSELECT "restaurants".* FROM "restaurants" WHERE "restaurants"."user_id" = $1[0m  [["user_id", 1]]
  ↳ app/views/restaurants/index.html.erb:6
  Rendered restaurants/_restaurant.html.erb (Duration: 0.1ms | Allocations: 18)
  Rendered restaurants/index.html.erb within layouts/application (Duration: 2.2ms | Allocations: 624)
  Rendered shared/_navbar.html.erb (Duration: 0.4ms | Allocations: 142)
  Rendered shared/_flashes.html.erb (Duration: 0.1ms | Allocations: 13)
  Rendered layout layouts/application.html.erb (Duration: 18.4ms | Allocations: 8461)
Completed 200 OK in 24ms (Views: 18.6ms | ActiveRecord: 0.7ms | Allocations: 10172)


Started GET "/restaurants/new" for 127.0.0.1 at 2024-10-13 20:51:25 +0100
Processing by RestaurantsController#new as HTML
  [1m[36mUser Load (0.4ms)[0m  [1m[34mSELECT "users".* FROM "users" WHERE "users"."id" = $1 ORDER BY "users"."id" ASC LIMIT $2[0m  [["id", 1], ["LIMIT", 1]]
  Rendering layout layouts/application.html.erb
  Rendering restaurants/new.html.erb within layouts/application
  Rendered restaurants/_form.html.erb (Duration: 4.6ms | Allocations: 1436)
  Rendered restaurants/new.html.erb within layouts/application (Duration: 5.4ms | Allocations: 1514)
  Rendered shared/_navbar.html.erb (Duration: 0.3ms | Allocations: 142)
  Rendered shared/_flashes.html.erb (Duration: 0.1ms | Allocations: 22)
  Rendered layout layouts/application.html.erb (Duration: 26.7ms | Allocations: 9359)
Completed 200 OK in 42ms (Views: 27.7ms | ActiveRecord: 0.4ms | Allocations: 11047)


Started GET "/restaurants/1" for 127.0.0.1 at 2024-10-13 20:51:26 +0100
Processing by RestaurantsController#show as HTML
  Parameters: {"id"=>"1"}
  [1m[36mUser Load (0.5ms)[0m  [1m[34mSELECT "users".* FROM "users" WHERE "users"."id" = $1 ORDER BY "users"."id" ASC LIMIT $2[0m  [["id", 1], ["LIMIT", 1]]
  [1m[36mRestaurant Load (0.5ms)[0m  [1m[34mSELECT "restaurants".* FROM "restaurants" WHERE "restaurants"."id" = $1 LIMIT $2[0m  [["id", 1], ["LIMIT", 1]]
  ↳ app/controllers/restaurants_controller.rb:58:in `set_restaurant'
  Rendering layout layouts/application.html.erb
  Rendering restaurants/show.html.erb within layouts/application
  Rendered restaurants/_restaurant.html.erb (Duration: 0.1ms | Allocations: 18)
  [1m[36mUser Load (0.4ms)[0m  [1m[34mSELECT "users".* FROM "users" WHERE "users"."id" = $1 LIMIT $2[0m  [["id", 1], ["LIMIT", 1]]
  ↳ app/policies/restaurant_policy.rb:20:in `update?'
  Rendered restaurants/show.html.erb within layouts/application (Duration: 3.8ms | Allocations: 818)
  Rendered shared/_navbar.html.erb (Duration: 0.4ms | Allocations: 142)
  Rendered shared/_flashes.html.erb (Duration: 0.1ms | Allocations: 13)
  Rendered layout layouts/application.html.erb (Duration: 17.8ms | Allocations: 8654)
Completed 200 OK in 42ms (Views: 18.1ms | ActiveRecord: 1.4ms | Allocations: 10739)


Started DELETE "/restaurants/1" for 127.0.0.1 at 2024-10-13 20:51:28 +0100
Processing by RestaurantsController#destroy as TURBO_STREAM
  Parameters: {"authenticity_token"=>"[FILTERED]", "id"=>"1"}
  [1m[36mUser Load (0.2ms)[0m  [1m[34mSELECT "users".* FROM "users" WHERE "users"."id" = $1 ORDER BY "users"."id" ASC LIMIT $2[0m  [["id", 1], ["LIMIT", 1]]
  [1m[36mRestaurant Load (0.3ms)[0m  [1m[34mSELECT "restaurants".* FROM "restaurants" WHERE "restaurants"."id" = $1 LIMIT $2[0m  [["id", 1], ["LIMIT", 1]]
  ↳ app/controllers/restaurants_controller.rb:58:in `set_restaurant'
  [1m[36mUser Load (0.3ms)[0m  [1m[34mSELECT "users".* FROM "users" WHERE "users"."id" = $1 LIMIT $2[0m  [["id", 1], ["LIMIT", 1]]
  ↳ app/policies/restaurant_policy.rb:26:in `destroy?'
  [1m[36mTRANSACTION (0.1ms)[0m  [1m[35mBEGIN[0m
  ↳ app/controllers/restaurants_controller.rb:51:in `destroy'
  [1m[36mRestaurant Destroy (1.2ms)[0m  [1m[31mDELETE FROM "restaurants" WHERE "restaurants"."id" = $1[0m  [["id", 1]]
  ↳ app/controllers/restaurants_controller.rb:51:in `destroy'
  [1m[36mTRANSACTION (23.0ms)[0m  [1m[35mCOMMIT[0m
  ↳ app/controllers/restaurants_controller.rb:51:in `destroy'
Redirected to http://127.0.0.1:3000/restaurants
Completed 302 Found in 33ms (ActiveRecord: 25.0ms | Allocations: 3807)


Started GET "/restaurants" for 127.0.0.1 at 2024-10-13 20:51:28 +0100
Processing by RestaurantsController#index as TURBO_STREAM
  [1m[36mUser Load (0.3ms)[0m  [1m[34mSELECT "users".* FROM "users" WHERE "users"."id" = $1 ORDER BY "users"."id" ASC LIMIT $2[0m  [["id", 1], ["LIMIT", 1]]
  Rendering layout layouts/application.html.erb
  Rendering restaurants/index.html.erb within layouts/application
  [1m[36mRestaurant Load (0.3ms)[0m  [1m[34mSELECT "restaurants".* FROM "restaurants" WHERE "restaurants"."user_id" = $1[0m  [["user_id", 1]]
  ↳ app/views/restaurants/index.html.erb:6
  Rendered restaurants/index.html.erb within layouts/application (Duration: 2.0ms | Allocations: 493)
  Rendered shared/_navbar.html.erb (Duration: 0.3ms | Allocations: 143)
  Rendered shared/_flashes.html.erb (Duration: 0.1ms | Allocations: 18)
  Rendered layout layouts/application.html.erb (Duration: 13.5ms | Allocations: 8336)
Completed 200 OK in 18ms (Views: 13.7ms | ActiveRecord: 0.6ms | Allocations: 10086)


Started DELETE "/users/sign_out?_method=delete" for 127.0.0.1 at 2024-10-13 20:51:34 +0100
Processing by Devise::SessionsController#destroy as TURBO_STREAM
  [1m[36mUser Load (0.5ms)[0m  [1m[34mSELECT "users".* FROM "users" WHERE "users"."id" = $1 ORDER BY "users"."id" ASC LIMIT $2[0m  [["id", 1], ["LIMIT", 1]]
Redirected to http://127.0.0.1:3000/
Completed 303 See Other in 16ms (ActiveRecord: 0.5ms | Allocations: 2468)


Started GET "/" for 127.0.0.1 at 2024-10-13 20:51:34 +0100
Processing by PagesController#home as TURBO_STREAM
  Rendering layout layouts/application.html.erb
  Rendering pages/home.html.erb within layouts/application
  Rendered pages/home.html.erb within layouts/application (Duration: 0.0ms | Allocations: 7)
  Rendered shared/_navbar.html.erb (Duration: 0.4ms | Allocations: 137)
  Rendered shared/_flashes.html.erb (Duration: 0.1ms | Allocations: 27)
  Rendered layout layouts/application.html.erb (Duration: 20.4ms | Allocations: 8035)
Completed 200 OK in 21ms (Views: 20.8ms | ActiveRecord: 0.0ms | Allocations: 8278)


  [1m[35m (0.3ms)[0m  [1m[34mSELECT pg_try_advisory_lock(1184012072199246360)[0m
  [1m[36mActiveRecord::SchemaMigration Load (0.6ms)[0m  [1m[34mSELECT "schema_migrations"."version" FROM "schema_migrations" ORDER BY "schema_migrations"."version" ASC[0m
  [1m[36mActiveRecord::InternalMetadata Load (0.8ms)[0m  [1m[34mSELECT * FROM "ar_internal_metadata" WHERE "ar_internal_metadata"."key" = $1 ORDER BY "ar_internal_metadata"."key" ASC LIMIT 1[0m  [[nil, "environment"]]
  [1m[35m (0.2ms)[0m  [1m[34mSELECT pg_advisory_unlock(1184012072199246360)[0m
  [1m[36mActiveRecord::SchemaMigration Load (0.2ms)[0m  [1m[34mSELECT "schema_migrations"."version" FROM "schema_migrations" ORDER BY "schema_migrations"."version" ASC[0m
Started GET "/restaurants/4" for ::1 at 2024-10-13 21:03:16 +0100
  [1m[36mActiveRecord::SchemaMigration Load (0.7ms)[0m  [1m[34mSELECT "schema_migrations"."version" FROM "schema_migrations" ORDER BY "schema_migrations"."version" ASC[0m
Processing by RestaurantsController#show as HTML
  Parameters: {"id"=>"4"}
Completed 401 Unauthorized in 18ms (ActiveRecord: 0.0ms | Allocations: 3906)


Started GET "/users/sign_in" for ::1 at 2024-10-13 21:03:16 +0100
Processing by Devise::SessionsController#new as HTML
  Rendering layout layouts/application.html.erb
  Rendering devise/sessions/new.html.erb within layouts/application
  Rendered devise/shared/_links.html.erb (Duration: 1.1ms | Allocations: 557)
  Rendered devise/sessions/new.html.erb within layouts/application (Duration: 39.8ms | Allocations: 10548)
  Rendered shared/_navbar.html.erb (Duration: 1.1ms | Allocations: 522)
  Rendered shared/_flashes.html.erb (Duration: 0.9ms | Allocations: 207)
  Rendered layout layouts/application.html.erb (Duration: 213.1ms | Allocations: 78101)
Completed 200 OK in 311ms (Views: 222.7ms | ActiveRecord: 17.0ms | Allocations: 98131)


Started POST "/users/sign_in" for ::1 at 2024-10-13 21:03:29 +0100
Processing by Devise::SessionsController#create as HTML
  Parameters: {"authenticity_token"=>"[FILTERED]", "user"=>{"email"=>"pauldevanney92@gmail.com", "password"=>"[FILTERED]", "remember_me"=>"0"}, "commit"=>"Log in"}
  [1m[36mUser Load (0.8ms)[0m  [1m[34mSELECT "users".* FROM "users" WHERE "users"."email" = $1 ORDER BY "users"."id" ASC LIMIT $2[0m  [["email", "pauldevanney92@gmail.com"], ["LIMIT", 1]]
Redirected to http://localhost:3000/restaurants/4
Completed 303 See Other in 367ms (ActiveRecord: 0.9ms | Allocations: 6953)


Started GET "/restaurants/4" for ::1 at 2024-10-13 21:03:29 +0100
Processing by RestaurantsController#show as HTML
  Parameters: {"id"=>"4"}
  [1m[36mUser Load (0.3ms)[0m  [1m[34mSELECT "users".* FROM "users" WHERE "users"."id" = $1 ORDER BY "users"."id" ASC LIMIT $2[0m  [["id", 1], ["LIMIT", 1]]
  [1m[36mRestaurant Load (0.5ms)[0m  [1m[34mSELECT "restaurants".* FROM "restaurants" WHERE "restaurants"."id" = $1 LIMIT $2[0m  [["id", 4], ["LIMIT", 1]]
  ↳ app/controllers/restaurants_controller.rb:58:in `set_restaurant'
Completed 404 Not Found in 38ms (ActiveRecord: 4.6ms | Allocations: 4312)


  
ActiveRecord::RecordNotFound (Couldn't find Restaurant with 'id'=4):
  
app/controllers/restaurants_controller.rb:58:in `set_restaurant'
Started GET "/users/sign_in" for ::1 at 2024-10-13 21:03:56 +0100
Processing by Devise::SessionsController#new as HTML
  [1m[36mUser Load (0.4ms)[0m  [1m[34mSELECT "users".* FROM "users" WHERE "users"."id" = $1 ORDER BY "users"."id" ASC LIMIT $2[0m  [["id", 1], ["LIMIT", 1]]
Redirected to http://localhost:3000/
Filter chain halted as :require_no_authentication rendered or redirected
Completed 302 Found in 7ms (ActiveRecord: 0.4ms | Allocations: 1592)


Started GET "/" for ::1 at 2024-10-13 21:03:56 +0100
Processing by PagesController#home as HTML
  Rendering layout layouts/application.html.erb
  Rendering pages/home.html.erb within layouts/application
  Rendered pages/home.html.erb within layouts/application (Duration: 0.7ms | Allocations: 90)
  [1m[36mUser Load (0.2ms)[0m  [1m[34mSELECT "users".* FROM "users" WHERE "users"."id" = $1 ORDER BY "users"."id" ASC LIMIT $2[0m  [["id", 1], ["LIMIT", 1]]
  ↳ app/views/shared/_navbar.html.erb:13
  Rendered shared/_navbar.html.erb (Duration: 3.9ms | Allocations: 862)
  Rendered shared/_flashes.html.erb (Duration: 0.1ms | Allocations: 32)
  Rendered layout layouts/application.html.erb (Duration: 38.3ms | Allocations: 9181)
Completed 200 OK in 43ms (Views: 41.3ms | ActiveRecord: 0.2ms | Allocations: 9942)


Started GET "/restaurants" for ::1 at 2024-10-13 21:04:15 +0100
Processing by RestaurantsController#index as HTML
  [1m[36mUser Load (0.8ms)[0m  [1m[34mSELECT "users".* FROM "users" WHERE "users"."id" = $1 ORDER BY "users"."id" ASC LIMIT $2[0m  [["id", 1], ["LIMIT", 1]]
  Rendering layout layouts/application.html.erb
  Rendering restaurants/index.html.erb within layouts/application
  [1m[36mRestaurant Load (0.3ms)[0m  [1m[34mSELECT "restaurants".* FROM "restaurants" WHERE "restaurants"."user_id" = $1[0m  [["user_id", 1]]
  ↳ app/views/restaurants/index.html.erb:6
  Rendered restaurants/index.html.erb within layouts/application (Duration: 6.0ms | Allocations: 740)
  Rendered shared/_navbar.html.erb (Duration: 0.3ms | Allocations: 143)
  Rendered shared/_flashes.html.erb (Duration: 0.0ms | Allocations: 13)
  Rendered layout layouts/application.html.erb (Duration: 52.2ms | Allocations: 8590)
Completed 200 OK in 85ms (Views: 56.0ms | ActiveRecord: 0.9ms | Allocations: 11287)


Started GET "/restaurants/new" for ::1 at 2024-10-13 21:04:20 +0100
Processing by RestaurantsController#new as HTML
  [1m[36mUser Load (1.0ms)[0m  [1m[34mSELECT "users".* FROM "users" WHERE "users"."id" = $1 ORDER BY "users"."id" ASC LIMIT $2[0m  [["id", 1], ["LIMIT", 1]]
  Rendering layout layouts/application.html.erb
  Rendering restaurants/new.html.erb within layouts/application
  Rendered restaurants/_form.html.erb (Duration: 9.9ms | Allocations: 2151)
  Rendered restaurants/new.html.erb within layouts/application (Duration: 12.5ms | Allocations: 2428)
  Rendered shared/_navbar.html.erb (Duration: 0.5ms | Allocations: 142)
  Rendered shared/_flashes.html.erb (Duration: 0.1ms | Allocations: 22)
  Rendered layout layouts/application.html.erb (Duration: 58.2ms | Allocations: 10273)
Completed 200 OK in 103ms (Views: 59.7ms | ActiveRecord: 0.9ms | Allocations: 15765)


Started GET "/restaurants/new" for ::1 at 2024-10-13 21:04:20 +0100
Processing by RestaurantsController#new as HTML
  [1m[36mUser Load (1.0ms)[0m  [1m[34mSELECT "users".* FROM "users" WHERE "users"."id" = $1 ORDER BY "users"."id" ASC LIMIT $2[0m  [["id", 1], ["LIMIT", 1]]
  Rendering layout layouts/application.html.erb
  Rendering restaurants/new.html.erb within layouts/application
  Rendered restaurants/_form.html.erb (Duration: 4.8ms | Allocations: 1416)
  Rendered restaurants/new.html.erb within layouts/application (Duration: 5.5ms | Allocations: 1494)
  Rendered shared/_navbar.html.erb (Duration: 0.5ms | Allocations: 142)
  Rendered shared/_flashes.html.erb (Duration: 0.1ms | Allocations: 22)
  Rendered layout layouts/application.html.erb (Duration: 39.3ms | Allocations: 9339)
Completed 200 OK in 54ms (Views: 40.2ms | ActiveRecord: 1.0ms | Allocations: 11032)


Started POST "/restaurants" for ::1 at 2024-10-13 21:04:25 +0100
Processing by RestaurantsController#create as TURBO_STREAM
  Parameters: {"authenticity_token"=>"[FILTERED]", "restaurant"=>{"name"=>"Ambala"}, "commit"=>"Create Restaurant"}
  [1m[36mUser Load (0.3ms)[0m  [1m[34mSELECT "users".* FROM "users" WHERE "users"."id" = $1 ORDER BY "users"."id" ASC LIMIT $2[0m  [["id", 1], ["LIMIT", 1]]
  [1m[36mTRANSACTION (0.6ms)[0m  [1m[35mBEGIN[0m
  ↳ app/controllers/restaurants_controller.rb:31:in `create'
  [1m[36mRestaurant Create (14.5ms)[0m  [1m[32mINSERT INTO "restaurants" ("name", "user_id", "created_at", "updated_at") VALUES ($1, $2, $3, $4) RETURNING "id"[0m  [["name", "Ambala"], ["user_id", 1], ["created_at", "2024-10-13 20:04:25.717998"], ["updated_at", "2024-10-13 20:04:25.717998"]]
  ↳ app/controllers/restaurants_controller.rb:31:in `create'
  [1m[36mTRANSACTION (18.1ms)[0m  [1m[35mCOMMIT[0m
  ↳ app/controllers/restaurants_controller.rb:31:in `create'
Redirected to http://localhost:3000/restaurants/2
Completed 302 Found in 55ms (ActiveRecord: 33.2ms | Allocations: 5136)


Started GET "/restaurants/2" for ::1 at 2024-10-13 21:04:25 +0100
Processing by RestaurantsController#show as TURBO_STREAM
  Parameters: {"id"=>"2"}
  [1m[36mUser Load (0.3ms)[0m  [1m[34mSELECT "users".* FROM "users" WHERE "users"."id" = $1 ORDER BY "users"."id" ASC LIMIT $2[0m  [["id", 1], ["LIMIT", 1]]
  [1m[36mRestaurant Load (0.5ms)[0m  [1m[34mSELECT "restaurants".* FROM "restaurants" WHERE "restaurants"."id" = $1 LIMIT $2[0m  [["id", 2], ["LIMIT", 1]]
  ↳ app/controllers/restaurants_controller.rb:58:in `set_restaurant'
  Rendering layout layouts/application.html.erb
  Rendering restaurants/show.html.erb within layouts/application
  Rendered restaurants/_restaurant.html.erb (Duration: 0.8ms | Allocations: 166)
  [1m[36mUser Load (0.3ms)[0m  [1m[34mSELECT "users".* FROM "users" WHERE "users"."id" = $1 LIMIT $2[0m  [["id", 1], ["LIMIT", 1]]
  ↳ app/policies/restaurant_policy.rb:20:in `update?'
  Rendered restaurants/show.html.erb within layouts/application (Duration: 9.5ms | Allocations: 2783)
  Rendered shared/_navbar.html.erb (Duration: 0.7ms | Allocations: 142)
  Rendered shared/_flashes.html.erb (Duration: 0.1ms | Allocations: 18)
  Rendered layout layouts/application.html.erb (Duration: 28.0ms | Allocations: 10854)
Completed 200 OK in 35ms (Views: 28.5ms | ActiveRecord: 1.0ms | Allocations: 13042)


Started GET "/tasks" for ::1 at 2024-10-13 21:33:38 +0100
  [1m[36mActiveRecord::SchemaMigration Load (0.7ms)[0m  [1m[34mSELECT "schema_migrations"."version" FROM "schema_migrations" ORDER BY "schema_migrations"."version" ASC[0m
  
ActionController::RoutingError (No route matches [GET] "/tasks"):
  
Started GET "/" for ::1 at 2024-10-13 21:33:41 +0100
Processing by PagesController#home as HTML
  Rendering layout layouts/application.html.erb
  Rendering pages/home.html.erb within layouts/application
  Rendered pages/home.html.erb within layouts/application (Duration: 1.6ms | Allocations: 91)
  Rendered layout layouts/application.html.erb (Duration: 7511.9ms | Allocations: 38619)
Completed 500 Internal Server Error in 7525ms (ActiveRecord: 0.0ms | Allocations: 40479)


  
ActionView::Template::Error (Error: Undefined variable: "$quarternary".
        on line 27:21 of app/assets/stylesheets/application.scss
>>   background-color: $quarternary;

   --------------------^
):
     6:     <%= csrf_meta_tags %>
     7:     <%= csp_meta_tag %>
     8: 
     9:     <%= stylesheet_link_tag "application", "data-turbo-track": "reload" %>
    10:     <%= javascript_importmap_tags %>
    11:   </head>
    12: 
  
app/views/layouts/application.html.erb:9
Started GET "/" for ::1 at 2024-10-13 21:34:56 +0100
Processing by PagesController#home as HTML
  Rendering layout layouts/application.html.erb
  Rendering pages/home.html.erb within layouts/application
  Rendered pages/home.html.erb within layouts/application (Duration: 0.0ms | Allocations: 7)
  Rendered shared/_navbar.html.erb (Duration: 3.2ms | Allocations: 729)
  Rendered shared/_flashes.html.erb (Duration: 0.5ms | Allocations: 216)
  Rendered layout layouts/application.html.erb (Duration: 9360.7ms | Allocations: 142868)
Completed 200 OK in 9376ms (Views: 9361.4ms | ActiveRecord: 0.0ms | Allocations: 146608)


Started GET "/" for ::1 at 2024-10-13 21:37:48 +0100
Processing by PagesController#home as HTML
  Rendering layout layouts/application.html.erb
  Rendering pages/home.html.erb within layouts/application
  Rendered pages/home.html.erb within layouts/application (Duration: 0.1ms | Allocations: 7)
  Rendered shared/_navbar.html.erb (Duration: 0.8ms | Allocations: 136)
  Rendered shared/_flashes.html.erb (Duration: 0.1ms | Allocations: 22)
  Rendered layout layouts/application.html.erb (Duration: 8764.1ms | Allocations: 78915)
Completed 200 OK in 8765ms (Views: 8764.9ms | ActiveRecord: 0.0ms | Allocations: 79154)


Started GET "/" for ::1 at 2024-10-13 21:49:48 +0100
Processing by PagesController#home as HTML
  Rendering layout layouts/application.html.erb
  Rendering pages/home.html.erb within layouts/application
  Rendered pages/home.html.erb within layouts/application (Duration: 0.1ms | Allocations: 7)
  Rendered shared/_navbar.html.erb (Duration: 0.4ms | Allocations: 136)
  Rendered shared/_flashes.html.erb (Duration: 0.1ms | Allocations: 22)
  Rendered layout layouts/application.html.erb (Duration: 8777.3ms | Allocations: 71727)
Completed 200 OK in 8779ms (Views: 8778.1ms | ActiveRecord: 0.0ms | Allocations: 71966)


Started GET "/users/sign_in" for ::1 at 2024-10-13 21:50:08 +0100
Processing by Devise::SessionsController#new as HTML
  Rendering layout layouts/application.html.erb
  Rendering devise/sessions/new.html.erb within layouts/application
  Rendered devise/shared/_links.html.erb (Duration: 1.1ms | Allocations: 541)
  Rendered devise/sessions/new.html.erb within layouts/application (Duration: 30.2ms | Allocations: 10634)
  Rendered shared/_navbar.html.erb (Duration: 0.3ms | Allocations: 124)
  Rendered shared/_flashes.html.erb (Duration: 0.1ms | Allocations: 27)
  Rendered layout layouts/application.html.erb (Duration: 41.3ms | Allocations: 18551)
Completed 200 OK in 107ms (Views: 43.1ms | ActiveRecord: 15.1ms | Allocations: 35820)


Started GET "/" for ::1 at 2024-10-13 22:03:52 +0100
Processing by PagesController#home as HTML
  Rendering layout layouts/application.html.erb
  Rendering pages/home.html.erb within layouts/application
  Rendered pages/home.html.erb within layouts/application (Duration: 0.4ms | Allocations: 93)
  Rendered shared/_navbar.html.erb (Duration: 1.3ms | Allocations: 615)
  Rendered shared/_flashes.html.erb (Duration: 0.8ms | Allocations: 192)
  Rendered layout layouts/application.html.erb (Duration: 8887.1ms | Allocations: 91656)
Completed 200 OK in 8893ms (Views: 8889.1ms | ActiveRecord: 0.0ms | Allocations: 93378)


Started GET "/users/sign_in" for ::1 at 2024-10-13 22:04:09 +0100
Processing by Devise::SessionsController#new as HTML
  Rendering layout layouts/application.html.erb
  Rendering devise/sessions/new.html.erb within layouts/application
  Rendered devise/shared/_links.html.erb (Duration: 1.1ms | Allocations: 519)
  Rendered devise/sessions/new.html.erb within layouts/application (Duration: 8.2ms | Allocations: 4039)
  Rendered shared/_navbar.html.erb (Duration: 0.4ms | Allocations: 134)
  Rendered shared/_flashes.html.erb (Duration: 0.1ms | Allocations: 27)
  Rendered layout layouts/application.html.erb (Duration: 25.2ms | Allocations: 11942)
Completed 200 OK in 51ms (Views: 27.7ms | ActiveRecord: 8.4ms | Allocations: 19521)


Started GET "/users/sign_up" for ::1 at 2024-10-13 22:04:18 +0100
Processing by Devise::RegistrationsController#new as HTML
  Rendering layout layouts/application.html.erb
  Rendering devise/registrations/new.html.erb within layouts/application
  Rendered devise/shared/_links.html.erb (Duration: 0.3ms | Allocations: 82)
  Rendered devise/registrations/new.html.erb within layouts/application (Duration: 9.9ms | Allocations: 3399)
  Rendered shared/_navbar.html.erb (Duration: 0.3ms | Allocations: 112)
  Rendered shared/_flashes.html.erb (Duration: 0.1ms | Allocations: 22)
  Rendered layout layouts/application.html.erb (Duration: 26.8ms | Allocations: 11216)
Completed 200 OK in 33ms (Views: 29.7ms | ActiveRecord: 0.0ms | Allocations: 12121)


Started GET "/users/sign_up" for ::1 at 2024-10-13 22:04:20 +0100
Processing by Devise::RegistrationsController#new as HTML
  Rendering layout layouts/application.html.erb
  Rendering devise/registrations/new.html.erb within layouts/application
  Rendered devise/shared/_links.html.erb (Duration: 0.3ms | Allocations: 69)
  Rendered devise/registrations/new.html.erb within layouts/application (Duration: 7.5ms | Allocations: 2908)
  Rendered shared/_navbar.html.erb (Duration: 0.4ms | Allocations: 109)
  Rendered shared/_flashes.html.erb (Duration: 0.1ms | Allocations: 22)
  Rendered layout layouts/application.html.erb (Duration: 27.3ms | Allocations: 10743)
Completed 200 OK in 30ms (Views: 28.2ms | ActiveRecord: 0.0ms | Allocations: 11286)


Started GET "/users/password/new" for ::1 at 2024-10-13 22:04:23 +0100
Processing by Devise::PasswordsController#new as HTML
  Rendering layout layouts/application.html.erb
  Rendering devise/passwords/new.html.erb within layouts/application
  Rendered devise/shared/_links.html.erb (Duration: 0.3ms | Allocations: 116)
  Rendered devise/passwords/new.html.erb within layouts/application (Duration: 3.9ms | Allocations: 1684)
  Rendered shared/_navbar.html.erb (Duration: 1.1ms | Allocations: 112)
  Rendered shared/_flashes.html.erb (Duration: 0.1ms | Allocations: 22)
  Rendered layout layouts/application.html.erb (Duration: 19.6ms | Allocations: 9501)
Completed 200 OK in 23ms (Views: 20.8ms | ActiveRecord: 0.0ms | Allocations: 10365)


Started GET "/users/sign_up" for ::1 at 2024-10-13 22:04:24 +0100
Processing by Devise::RegistrationsController#new as HTML
  Rendering layout layouts/application.html.erb
  Rendering devise/registrations/new.html.erb within layouts/application
  Rendered devise/shared/_links.html.erb (Duration: 0.2ms | Allocations: 69)
  Rendered devise/registrations/new.html.erb within layouts/application (Duration: 3.8ms | Allocations: 2900)
  Rendered shared/_navbar.html.erb (Duration: 0.4ms | Allocations: 109)
  Rendered shared/_flashes.html.erb (Duration: 0.1ms | Allocations: 22)
  Rendered layout layouts/application.html.erb (Duration: 16.5ms | Allocations: 10711)
Completed 200 OK in 18ms (Views: 17.0ms | ActiveRecord: 0.0ms | Allocations: 11243)


Started GET "/users/password/new" for ::1 at 2024-10-13 22:04:24 +0100
Processing by Devise::PasswordsController#new as HTML
  Rendering layout layouts/application.html.erb
  Rendering devise/passwords/new.html.erb within layouts/application
  Rendered devise/shared/_links.html.erb (Duration: 0.5ms | Allocations: 109)
  Rendered devise/passwords/new.html.erb within layouts/application (Duration: 5.6ms | Allocations: 1506)
  Rendered shared/_navbar.html.erb (Duration: 0.4ms | Allocations: 109)
  Rendered shared/_flashes.html.erb (Duration: 0.1ms | Allocations: 22)
  Rendered layout layouts/application.html.erb (Duration: 31.9ms | Allocations: 9318)
Completed 200 OK in 36ms (Views: 33.5ms | ActiveRecord: 0.0ms | Allocations: 9832)


Started GET "/users/sign_up" for ::1 at 2024-10-13 22:04:25 +0100
Processing by Devise::RegistrationsController#new as HTML
  Rendering layout layouts/application.html.erb
  Rendering devise/registrations/new.html.erb within layouts/application
  Rendered devise/shared/_links.html.erb (Duration: 0.8ms | Allocations: 69)
  Rendered devise/registrations/new.html.erb within layouts/application (Duration: 11.1ms | Allocations: 2903)
  Rendered shared/_navbar.html.erb (Duration: 0.3ms | Allocations: 109)
  Rendered shared/_flashes.html.erb (Duration: 0.1ms | Allocations: 22)
  Rendered layout layouts/application.html.erb (Duration: 31.0ms | Allocations: 10714)
Completed 200 OK in 36ms (Views: 32.6ms | ActiveRecord: 0.0ms | Allocations: 11238)


Started POST "/users" for ::1 at 2024-10-13 22:04:36 +0100
Processing by Devise::RegistrationsController#create as HTML
  Parameters: {"authenticity_token"=>"[FILTERED]", "user"=>{"email"=>"pauldevanney92@gmail.com", "password"=>"[FILTERED]", "password_confirmation"=>"[FILTERED]"}, "commit"=>"Sign up"}
  [1m[36mTRANSACTION (0.3ms)[0m  [1m[35mBEGIN[0m
  [1m[36mUser Exists? (11.1ms)[0m  [1m[34mSELECT 1 AS one FROM "users" WHERE "users"."email" = $1 LIMIT $2[0m  [["email", "pauldevanney92@gmail.com"], ["LIMIT", 1]]
  [1m[36mTRANSACTION (0.6ms)[0m  [1m[31mROLLBACK[0m
  Rendering layout layouts/application.html.erb
  Rendering devise/registrations/new.html.erb within layouts/application
  Rendered devise/shared/_links.html.erb (Duration: 0.4ms | Allocations: 69)
  Rendered devise/registrations/new.html.erb within layouts/application (Duration: 12.4ms | Allocations: 4994)
  Rendered shared/_navbar.html.erb (Duration: 0.3ms | Allocations: 109)
  Rendered shared/_flashes.html.erb (Duration: 0.1ms | Allocations: 22)
  Rendered layout layouts/application.html.erb (Duration: 32.7ms | Allocations: 12825)
Completed 422 Unprocessable Content in 132ms (Views: 48.0ms | ActiveRecord: 11.9ms | Allocations: 21273)


Started GET "/" for ::1 at 2024-10-13 22:04:43 +0100
Processing by PagesController#home as HTML
  Rendering layout layouts/application.html.erb
  Rendering pages/home.html.erb within layouts/application
  Rendered pages/home.html.erb within layouts/application (Duration: 0.1ms | Allocations: 7)
  Rendered shared/_navbar.html.erb (Duration: 0.8ms | Allocations: 145)
  Rendered shared/_flashes.html.erb (Duration: 0.2ms | Allocations: 22)
  Rendered layout layouts/application.html.erb (Duration: 41.4ms | Allocations: 8048)
Completed 200 OK in 43ms (Views: 42.4ms | ActiveRecord: 0.0ms | Allocations: 8288)


Started POST "/users/sign_in" for ::1 at 2024-10-13 22:04:53 +0100
Processing by Devise::SessionsController#create as HTML
  Parameters: {"authenticity_token"=>"[FILTERED]", "user"=>{"email"=>"pauldevanney92@gmail.com", "password"=>"[FILTERED]", "remember_me"=>"0"}, "commit"=>"Log in"}
  [1m[36mUser Load (0.5ms)[0m  [1m[34mSELECT "users".* FROM "users" WHERE "users"."email" = $1 ORDER BY "users"."id" ASC LIMIT $2[0m  [["email", "pauldevanney92@gmail.com"], ["LIMIT", 1]]
Redirected to http://localhost:3000/
Completed 303 See Other in 381ms (ActiveRecord: 0.6ms | Allocations: 3811)


Started GET "/" for ::1 at 2024-10-13 22:04:53 +0100
Processing by PagesController#home as HTML
  Rendering layout layouts/application.html.erb
  Rendering pages/home.html.erb within layouts/application
  Rendered pages/home.html.erb within layouts/application (Duration: 0.0ms | Allocations: 7)
  [1m[36mUser Load (0.3ms)[0m  [1m[34mSELECT "users".* FROM "users" WHERE "users"."id" = $1 ORDER BY "users"."id" ASC LIMIT $2[0m  [["id", 1], ["LIMIT", 1]]
  ↳ app/views/shared/_navbar.html.erb:15
  Rendered shared/_navbar.html.erb (Duration: 4.6ms | Allocations: 877)
  Rendered shared/_flashes.html.erb (Duration: 0.1ms | Allocations: 29)
  Rendered layout layouts/application.html.erb (Duration: 19.8ms | Allocations: 8789)
Completed 200 OK in 21ms (Views: 20.0ms | ActiveRecord: 0.3ms | Allocations: 9029)


Started GET "/" for ::1 at 2024-10-13 22:05:59 +0100
Processing by PagesController#home as HTML
  Rendering layout layouts/application.html.erb
  Rendering pages/home.html.erb within layouts/application
  Rendered pages/home.html.erb within layouts/application (Duration: 0.5ms | Allocations: 92)
  [1m[36mUser Load (0.3ms)[0m  [1m[34mSELECT "users".* FROM "users" WHERE "users"."id" = $1 ORDER BY "users"."id" ASC LIMIT $2[0m  [["id", 1], ["LIMIT", 1]]
  ↳ app/views/shared/_navbar.html.erb:15
  Rendered shared/_navbar.html.erb (Duration: 16.9ms | Allocations: 5352)
  Rendered shared/_flashes.html.erb (Duration: 0.6ms | Allocations: 192)
  Rendered layout layouts/application.html.erb (Duration: 74.0ms | Allocations: 32762)
Completed 200 OK in 81ms (Views: 70.2ms | ActiveRecord: 6.8ms | Allocations: 34476)


Started GET "/" for ::1 at 2024-10-13 22:06:39 +0100
Processing by PagesController#home as HTML
  Rendering layout layouts/application.html.erb
  Rendering pages/home.html.erb within layouts/application
  Rendered pages/home.html.erb within layouts/application (Duration: 0.3ms | Allocations: 89)
  [1m[36mUser Load (0.6ms)[0m  [1m[34mSELECT "users".* FROM "users" WHERE "users"."id" = $1 ORDER BY "users"."id" ASC LIMIT $2[0m  [["id", 1], ["LIMIT", 1]]
  ↳ app/views/shared/_navbar.html.erb:15
  Rendered shared/_navbar.html.erb (Duration: 15.6ms | Allocations: 5314)
  Rendered shared/_flashes.html.erb (Duration: 0.5ms | Allocations: 192)
  Rendered layout layouts/application.html.erb (Duration: 61.0ms | Allocations: 32728)
Completed 200 OK in 65ms (Views: 58.4ms | ActiveRecord: 4.0ms | Allocations: 34442)


Started GET "/" for ::1 at 2024-10-13 22:11:42 +0100
Processing by PagesController#home as HTML
  Rendering layout layouts/application.html.erb
  Rendering pages/home.html.erb within layouts/application
  Rendered shared/_jumbotron.html.erb (Duration: 4.6ms | Allocations: 2435)
  Rendered pages/home.html.erb within layouts/application (Duration: 5.5ms | Allocations: 2669)
  Rendered layout layouts/application.html.erb (Duration: 5.8ms | Allocations: 2755)
Completed 500 Internal Server Error in 8ms (ActiveRecord: 0.0ms | Allocations: 3750)


  
ActionView::Template::Error (The asset "aircnc-logo.svg" is not present in the asset pipeline.
):
    3:   <div class="container flex-column">
    4: 
    5:     <div class="banner d-flex justify-content-between align-items-center">
    6:       <%= image_tag('aircnc-logo.svg', :class => "rounded-5") %>
    7:       <h1 class="mx-5 w-66">
    8:         <span class="display-1">The Stoic Journal</span>
    9:         <br>
  
app/views/shared/_jumbotron.html.erb:6
app/views/pages/home.html.erb:1
Started GET "/" for ::1 at 2024-10-13 22:12:22 +0100
Processing by PagesController#home as HTML
  Rendering layout layouts/application.html.erb
  Rendering pages/home.html.erb within layouts/application
  Rendered shared/_jumbotron.html.erb (Duration: 1.3ms | Allocations: 180)
  Rendered pages/home.html.erb within layouts/application (Duration: 2.7ms | Allocations: 409)
  [1m[36mUser Load (0.3ms)[0m  [1m[34mSELECT "users".* FROM "users" WHERE "users"."id" = $1 ORDER BY "users"."id" ASC LIMIT $2[0m  [["id", 1], ["LIMIT", 1]]
  ↳ app/views/shared/_navbar.html.erb:15
  Rendered shared/_navbar.html.erb (Duration: 27.4ms | Allocations: 5300)
  Rendered shared/_flashes.html.erb (Duration: 0.6ms | Allocations: 192)
  Rendered layout layouts/application.html.erb (Duration: 63.7ms | Allocations: 33013)
Completed 200 OK in 72ms (Views: 62.2ms | ActiveRecord: 3.5ms | Allocations: 34728)


Started GET "/" for ::1 at 2024-10-13 22:14:35 +0100
Processing by PagesController#home as HTML
  Rendering layout layouts/application.html.erb
  Rendering pages/home.html.erb within layouts/application
  Rendered shared/_jumbotron.html.erb (Duration: 0.4ms | Allocations: 135)
  Rendered pages/home.html.erb within layouts/application (Duration: 1.2ms | Allocations: 366)
  [1m[36mUser Load (0.4ms)[0m  [1m[34mSELECT "users".* FROM "users" WHERE "users"."id" = $1 ORDER BY "users"."id" ASC LIMIT $2[0m  [["id", 1], ["LIMIT", 1]]
  ↳ app/views/shared/_navbar.html.erb:15
  Rendered shared/_navbar.html.erb (Duration: 14.0ms | Allocations: 5307)
  Rendered shared/_flashes.html.erb (Duration: 0.6ms | Allocations: 192)
  Rendered layout layouts/application.html.erb (Duration: 49.2ms | Allocations: 32838)
Completed 200 OK in 56ms (Views: 47.8ms | ActiveRecord: 3.5ms | Allocations: 34551)


Started GET "/" for ::1 at 2024-10-13 22:17:55 +0100
Processing by PagesController#home as HTML
  Rendering layout layouts/application.html.erb
  Rendering pages/home.html.erb within layouts/application
  Rendered shared/_jumbotron.html.erb (Duration: 0.4ms | Allocations: 135)
  Rendered pages/home.html.erb within layouts/application (Duration: 1.7ms | Allocations: 366)
  [1m[36mUser Load (0.3ms)[0m  [1m[34mSELECT "users".* FROM "users" WHERE "users"."id" = $1 ORDER BY "users"."id" ASC LIMIT $2[0m  [["id", 1], ["LIMIT", 1]]
  ↳ app/views/shared/_navbar.html.erb:15
  Rendered shared/_navbar.html.erb (Duration: 12.2ms | Allocations: 5312)
  Rendered shared/_flashes.html.erb (Duration: 0.6ms | Allocations: 192)
  Rendered layout layouts/application.html.erb (Duration: 8660.8ms | Allocations: 96596)
Completed 200 OK in 8667ms (Views: 8660.4ms | ActiveRecord: 3.6ms | Allocations: 98309)


Started GET "/" for ::1 at 2024-10-13 22:22:05 +0100
Processing by PagesController#home as HTML
  Rendering layout layouts/application.html.erb
  Rendering pages/home.html.erb within layouts/application
  Rendered shared/_jumbotron.html.erb (Duration: 0.1ms | Allocations: 9)
  Rendered pages/home.html.erb within layouts/application (Duration: 0.3ms | Allocations: 73)
  [1m[36mUser Load (0.3ms)[0m  [1m[34mSELECT "users".* FROM "users" WHERE "users"."id" = $1 ORDER BY "users"."id" ASC LIMIT $2[0m  [["id", 1], ["LIMIT", 1]]
  ↳ app/views/shared/_navbar.html.erb:15
  Rendered shared/_navbar.html.erb (Duration: 3.0ms | Allocations: 841)
  Rendered shared/_flashes.html.erb (Duration: 0.1ms | Allocations: 22)
  Rendered layout layouts/application.html.erb (Duration: 8682.5ms | Allocations: 75161)
Completed 200 OK in 8684ms (Views: 8682.9ms | ActiveRecord: 0.3ms | Allocations: 75400)


Started GET "/" for ::1 at 2024-10-13 22:33:40 +0100
Processing by PagesController#home as HTML
  Rendering layout layouts/application.html.erb
  Rendering pages/home.html.erb within layouts/application
  Rendered shared/_jumbotron.html.erb (Duration: 0.5ms | Allocations: 134)
  Rendered pages/home.html.erb within layouts/application (Duration: 1.4ms | Allocations: 365)
  [1m[36mUser Load (0.4ms)[0m  [1m[34mSELECT "users".* FROM "users" WHERE "users"."id" = $1 ORDER BY "users"."id" ASC LIMIT $2[0m  [["id", 1], ["LIMIT", 1]]
  ↳ app/views/shared/_navbar.html.erb:15
  Rendered shared/_navbar.html.erb (Duration: 27.0ms | Allocations: 7867)
  Rendered shared/_flashes.html.erb (Duration: 0.5ms | Allocations: 192)
  Rendered shared/_footer.html.erb (Duration: 0.5ms | Allocations: 116)
  Rendered layout layouts/application.html.erb (Duration: 78.6ms | Allocations: 35833)
Completed 200 OK in 83ms (Views: 73.7ms | ActiveRecord: 6.3ms | Allocations: 37548)


Started GET "/" for ::1 at 2024-10-13 22:34:45 +0100
Processing by PagesController#home as HTML
  Rendering layout layouts/application.html.erb
  Rendering pages/home.html.erb within layouts/application
  Rendered shared/_jumbotron.html.erb (Duration: 0.5ms | Allocations: 134)
  Rendered pages/home.html.erb within layouts/application (Duration: 1.5ms | Allocations: 363)
  [1m[36mUser Load (0.4ms)[0m  [1m[34mSELECT "users".* FROM "users" WHERE "users"."id" = $1 ORDER BY "users"."id" ASC LIMIT $2[0m  [["id", 1], ["LIMIT", 1]]
  ↳ app/views/shared/_navbar.html.erb:15
  Rendered shared/_navbar.html.erb (Duration: 21.1ms | Allocations: 5330)
  Rendered shared/_flashes.html.erb (Duration: 0.7ms | Allocations: 192)
  Rendered shared/_footer.html.erb (Duration: 0.5ms | Allocations: 114)
  Rendered layout layouts/application.html.erb (Duration: 58.7ms | Allocations: 33265)
Completed 200 OK in 64ms (Views: 53.2ms | ActiveRecord: 7.0ms | Allocations: 34979)


Started GET "/" for ::1 at 2024-10-13 22:41:27 +0100
Processing by PagesController#home as HTML
  Rendering layout layouts/application.html.erb
  Rendering pages/home.html.erb within layouts/application
  Rendered shared/_jumbotron.html.erb (Duration: 0.5ms | Allocations: 134)
  Rendered pages/home.html.erb within layouts/application (Duration: 1.3ms | Allocations: 365)
  [1m[36mUser Load (0.6ms)[0m  [1m[34mSELECT "users".* FROM "users" WHERE "users"."id" = $1 ORDER BY "users"."id" ASC LIMIT $2[0m  [["id", 1], ["LIMIT", 1]]
  ↳ app/views/shared/_navbar.html.erb:15
  Rendered shared/_navbar.html.erb (Duration: 22.8ms | Allocations: 7869)
  Rendered shared/_flashes.html.erb (Duration: 0.6ms | Allocations: 192)
  Rendered shared/_footer.html.erb (Duration: 0.4ms | Allocations: 115)
  Rendered layout layouts/application.html.erb (Duration: 8709.1ms | Allocations: 99496)
Completed 200 OK in 8714ms (Views: 8705.2ms | ActiveRecord: 5.5ms | Allocations: 101209)


Started GET "/" for ::1 at 2024-10-13 22:44:19 +0100
Processing by PagesController#home as HTML
  Rendering layout layouts/application.html.erb
  Rendering pages/home.html.erb within layouts/application
  Rendered shared/_jumbotron.html.erb (Duration: 0.6ms | Allocations: 136)
  Rendered pages/home.html.erb within layouts/application (Duration: 2.0ms | Allocations: 367)
  [1m[36mUser Load (0.4ms)[0m  [1m[34mSELECT "users".* FROM "users" WHERE "users"."id" = $1 ORDER BY "users"."id" ASC LIMIT $2[0m  [["id", 1], ["LIMIT", 1]]
  ↳ app/views/shared/_navbar.html.erb:15
  Rendered shared/_navbar.html.erb (Duration: 16.9ms | Allocations: 5330)
  Rendered shared/_flashes.html.erb (Duration: 1.0ms | Allocations: 192)
  Rendered shared/_footer.html.erb (Duration: 0.5ms | Allocations: 114)
  Rendered layout layouts/application.html.erb (Duration: 52.9ms | Allocations: 33264)
Completed 200 OK in 58ms (Views: 48.6ms | ActiveRecord: 6.1ms | Allocations: 34978)


Started GET "/" for ::1 at 2024-10-13 22:45:10 +0100
Processing by PagesController#home as HTML
  Rendering layout layouts/application.html.erb
  Rendering pages/home.html.erb within layouts/application
  Rendered shared/_jumbotron.html.erb (Duration: 0.3ms | Allocations: 136)
  Rendered pages/home.html.erb within layouts/application (Duration: 1.1ms | Allocations: 367)
  [1m[36mUser Load (0.3ms)[0m  [1m[34mSELECT "users".* FROM "users" WHERE "users"."id" = $1 ORDER BY "users"."id" ASC LIMIT $2[0m  [["id", 1], ["LIMIT", 1]]
  ↳ app/views/shared/_navbar.html.erb:15
  Rendered shared/_navbar.html.erb (Duration: 18.6ms | Allocations: 5314)
  Rendered shared/_flashes.html.erb (Duration: 0.5ms | Allocations: 192)
  Rendered shared/_footer.html.erb (Duration: 1.0ms | Allocations: 114)
  Rendered layout layouts/application.html.erb (Duration: 62.2ms | Allocations: 33200)
Completed 200 OK in 67ms (Views: 59.7ms | ActiveRecord: 4.0ms | Allocations: 34914)


Started GET "/" for ::1 at 2024-10-13 22:46:57 +0100
Processing by PagesController#home as HTML
  Rendering layout layouts/application.html.erb
  Rendering pages/home.html.erb within layouts/application
  Rendered shared/_jumbotron.html.erb (Duration: 0.3ms | Allocations: 134)
  Rendered pages/home.html.erb within layouts/application (Duration: 1.0ms | Allocations: 365)
  [1m[36mUser Load (0.4ms)[0m  [1m[34mSELECT "users".* FROM "users" WHERE "users"."id" = $1 ORDER BY "users"."id" ASC LIMIT $2[0m  [["id", 1], ["LIMIT", 1]]
  ↳ app/views/shared/_navbar.html.erb:15
  Rendered shared/_navbar.html.erb (Duration: 13.7ms | Allocations: 5307)
  Rendered shared/_flashes.html.erb (Duration: 0.6ms | Allocations: 192)
  Rendered shared/_footer.html.erb (Duration: 0.5ms | Allocations: 114)
  Rendered layout layouts/application.html.erb (Duration: 49.5ms | Allocations: 33245)
Completed 200 OK in 55ms (Views: 46.0ms | ActiveRecord: 5.0ms | Allocations: 34959)


Started GET "/" for ::1 at 2024-10-13 22:48:46 +0100
Processing by PagesController#home as HTML
  Rendering layout layouts/application.html.erb
  Rendering pages/home.html.erb within layouts/application
  Rendered shared/_jumbotron.html.erb (Duration: 0.3ms | Allocations: 134)
  Rendered pages/home.html.erb within layouts/application (Duration: 1.1ms | Allocations: 365)
  [1m[36mUser Load (0.4ms)[0m  [1m[34mSELECT "users".* FROM "users" WHERE "users"."id" = $1 ORDER BY "users"."id" ASC LIMIT $2[0m  [["id", 1], ["LIMIT", 1]]
  ↳ app/views/shared/_navbar.html.erb:15
  Rendered shared/_navbar.html.erb (Duration: 18.5ms | Allocations: 5308)
  Rendered shared/_flashes.html.erb (Duration: 1.1ms | Allocations: 194)
  Rendered shared/_footer.html.erb (Duration: 0.7ms | Allocations: 114)
  Rendered layout layouts/application.html.erb (Duration: 54.6ms | Allocations: 33179)
Completed 200 OK in 60ms (Views: 51.9ms | ActiveRecord: 4.3ms | Allocations: 34893)


Started GET "/" for ::1 at 2024-10-13 22:48:56 +0100
Processing by PagesController#home as HTML
  Rendering layout layouts/application.html.erb
  Rendering pages/home.html.erb within layouts/application
  Rendered shared/_jumbotron.html.erb (Duration: 0.1ms | Allocations: 9)
  Rendered pages/home.html.erb within layouts/application (Duration: 0.5ms | Allocations: 73)
  [1m[36mUser Load (0.4ms)[0m  [1m[34mSELECT "users".* FROM "users" WHERE "users"."id" = $1 ORDER BY "users"."id" ASC LIMIT $2[0m  [["id", 1], ["LIMIT", 1]]
  ↳ app/views/shared/_navbar.html.erb:15
  Rendered shared/_navbar.html.erb (Duration: 2.5ms | Allocations: 841)
  Rendered shared/_flashes.html.erb (Duration: 0.1ms | Allocations: 22)
  Rendered shared/_footer.html.erb (Duration: 0.0ms | Allocations: 8)
  Rendered layout layouts/application.html.erb (Duration: 35.5ms | Allocations: 8859)
Completed 200 OK in 37ms (Views: 36.2ms | ActiveRecord: 0.4ms | Allocations: 9098)


Started GET "/" for ::1 at 2024-10-13 22:48:57 +0100
Processing by PagesController#home as HTML
  Rendering layout layouts/application.html.erb
  Rendering pages/home.html.erb within layouts/application
  Rendered shared/_jumbotron.html.erb (Duration: 0.0ms | Allocations: 9)
  Rendered pages/home.html.erb within layouts/application (Duration: 0.4ms | Allocations: 75)
  [1m[36mUser Load (0.2ms)[0m  [1m[34mSELECT "users".* FROM "users" WHERE "users"."id" = $1 ORDER BY "users"."id" ASC LIMIT $2[0m  [["id", 1], ["LIMIT", 1]]
  ↳ app/views/shared/_navbar.html.erb:15
  Rendered shared/_navbar.html.erb (Duration: 2.5ms | Allocations: 841)
  Rendered shared/_flashes.html.erb (Duration: 0.1ms | Allocations: 22)
  Rendered shared/_footer.html.erb (Duration: 0.0ms | Allocations: 8)
  Rendered layout layouts/application.html.erb (Duration: 34.6ms | Allocations: 10619)
Completed 200 OK in 37ms (Views: 35.4ms | ActiveRecord: 0.2ms | Allocations: 10870)


Started GET "/" for ::1 at 2024-10-13 22:48:57 +0100
Processing by PagesController#home as HTML
  Rendering layout layouts/application.html.erb
  Rendering pages/home.html.erb within layouts/application
  Rendered shared/_jumbotron.html.erb (Duration: 0.0ms | Allocations: 9)
  Rendered pages/home.html.erb within layouts/application (Duration: 1.0ms | Allocations: 101)
Started GET "/" for ::1 at 2024-10-13 22:48:57 +0100
  [1m[36mUser Load (0.3ms)[0m  [1m[34mSELECT "users".* FROM "users" WHERE "users"."id" = $1 ORDER BY "users"."id" ASC LIMIT $2[0m  [["id", 1], ["LIMIT", 1]]
  ↳ app/views/shared/_navbar.html.erb:15
  Rendered shared/_navbar.html.erb (Duration: 3.8ms | Allocations: 852)
  Rendered shared/_flashes.html.erb (Duration: 0.1ms | Allocations: 22)
  Rendered shared/_footer.html.erb (Duration: 0.0ms | Allocations: 8)
  Rendered layout layouts/application.html.erb (Duration: 71.1ms | Allocations: 16441)
Completed 200 OK in 74ms (Views: 72.0ms | ActiveRecord: 0.3ms | Allocations: 16762)


Processing by PagesController#home as HTML
  Rendering layout layouts/application.html.erb
  Rendering pages/home.html.erb within layouts/application
  Rendered shared/_jumbotron.html.erb (Duration: 0.0ms | Allocations: 9)
  Rendered pages/home.html.erb within layouts/application (Duration: 0.4ms | Allocations: 83)
  [1m[36mUser Load (0.3ms)[0m  [1m[34mSELECT "users".* FROM "users" WHERE "users"."id" = $1 ORDER BY "users"."id" ASC LIMIT $2[0m  [["id", 1], ["LIMIT", 1]]
  ↳ app/views/shared/_navbar.html.erb:15
  Rendered shared/_navbar.html.erb (Duration: 2.9ms | Allocations: 1178)
  Rendered shared/_flashes.html.erb (Duration: 0.1ms | Allocations: 22)
  Rendered shared/_footer.html.erb (Duration: 0.0ms | Allocations: 8)
  Rendered layout layouts/application.html.erb (Duration: 35.6ms | Allocations: 10988)
Completed 200 OK in 38ms (Views: 36.6ms | ActiveRecord: 0.3ms | Allocations: 11258)


Started GET "/" for ::1 at 2024-10-13 22:48:57 +0100
Processing by PagesController#home as HTML
  Rendering layout layouts/application.html.erb
  Rendering pages/home.html.erb within layouts/application
  Rendered shared/_jumbotron.html.erb (Duration: 0.0ms | Allocations: 9)
  Rendered pages/home.html.erb within layouts/application (Duration: 0.5ms | Allocations: 89)
Started GET "/" for ::1 at 2024-10-13 22:48:57 +0100
  [1m[36mUser Load (0.3ms)[0m  [1m[34mSELECT "users".* FROM "users" WHERE "users"."id" = $1 ORDER BY "users"."id" ASC LIMIT $2[0m  [["id", 1], ["LIMIT", 1]]
  ↳ app/views/shared/_navbar.html.erb:15
  Rendered shared/_navbar.html.erb (Duration: 5.7ms | Allocations: 905)
  Rendered shared/_flashes.html.erb (Duration: 0.6ms | Allocations: 22)
  Rendered shared/_footer.html.erb (Duration: 0.1ms | Allocations: 8)
  Rendered layout layouts/application.html.erb (Duration: 86.1ms | Allocations: 17085)
Completed 200 OK in 89ms (Views: 87.5ms | ActiveRecord: 0.2ms | Allocations: 17412)


Processing by PagesController#home as HTML
  Rendering layout layouts/application.html.erb
  Rendering pages/home.html.erb within layouts/application
  Rendered shared/_jumbotron.html.erb (Duration: 0.0ms | Allocations: 9)
  Rendered pages/home.html.erb within layouts/application (Duration: 0.3ms | Allocations: 73)
  [1m[36mUser Load (0.2ms)[0m  [1m[34mSELECT "users".* FROM "users" WHERE "users"."id" = $1 ORDER BY "users"."id" ASC LIMIT $2[0m  [["id", 1], ["LIMIT", 1]]
  ↳ app/views/shared/_navbar.html.erb:15
  Rendered shared/_navbar.html.erb (Duration: 3.3ms | Allocations: 854)
  Rendered shared/_flashes.html.erb (Duration: 0.1ms | Allocations: 22)
  Rendered shared/_footer.html.erb (Duration: 0.0ms | Allocations: 8)
  Rendered layout layouts/application.html.erb (Duration: 35.3ms | Allocations: 9668)
Completed 200 OK in 36ms (Views: 35.7ms | ActiveRecord: 0.2ms | Allocations: 9912)


Started GET "/" for ::1 at 2024-10-13 22:48:58 +0100
Processing by PagesController#home as HTML
  Rendering layout layouts/application.html.erb
  Rendering pages/home.html.erb within layouts/application
  Rendered shared/_jumbotron.html.erb (Duration: 0.2ms | Allocations: 9)
  Rendered pages/home.html.erb within layouts/application (Duration: 1.1ms | Allocations: 73)
  [1m[36mUser Load (0.4ms)[0m  [1m[34mSELECT "users".* FROM "users" WHERE "users"."id" = $1 ORDER BY "users"."id" ASC LIMIT $2[0m  [["id", 1], ["LIMIT", 1]]
  ↳ app/views/shared/_navbar.html.erb:15
  Rendered shared/_navbar.html.erb (Duration: 7.0ms | Allocations: 841)
  Rendered shared/_flashes.html.erb (Duration: 0.2ms | Allocations: 22)
  Rendered shared/_footer.html.erb (Duration: 0.2ms | Allocations: 8)
  Rendered layout layouts/application.html.erb (Duration: 50.8ms | Allocations: 8879)
Completed 200 OK in 56ms (Views: 54.1ms | ActiveRecord: 0.4ms | Allocations: 9119)


Started GET "/" for ::1 at 2024-10-13 22:48:58 +0100
Processing by PagesController#home as HTML
  Rendering layout layouts/application.html.erb
  Rendering pages/home.html.erb within layouts/application
  Rendered shared/_jumbotron.html.erb (Duration: 0.0ms | Allocations: 9)
  Rendered pages/home.html.erb within layouts/application (Duration: 0.5ms | Allocations: 86)
  [1m[36mUser Load (0.6ms)[0m  [1m[34mSELECT "users".* FROM "users" WHERE "users"."id" = $1 ORDER BY "users"."id" ASC LIMIT $2[0m  [["id", 1], ["LIMIT", 1]]
  ↳ app/views/shared/_navbar.html.erb:15
  Rendered shared/_navbar.html.erb (Duration: 3.2ms | Allocations: 1302)
  Rendered shared/_flashes.html.erb (Duration: 0.1ms | Allocations: 22)
  Rendered shared/_footer.html.erb (Duration: 0.0ms | Allocations: 8)
  Rendered layout layouts/application.html.erb (Duration: 77.8ms | Allocations: 17221)
Completed 200 OK in 81ms (Views: 78.4ms | ActiveRecord: 0.6ms | Allocations: 17588)


Started GET "/" for ::1 at 2024-10-13 22:52:06 +0100
Processing by PagesController#home as HTML
  Rendering layout layouts/application.html.erb
  Rendering pages/home.html.erb within layouts/application
  Rendered shared/_jumbotron.html.erb (Duration: 0.3ms | Allocations: 133)
  Rendered pages/home.html.erb within layouts/application (Duration: 1.1ms | Allocations: 364)
  [1m[36mUser Load (0.3ms)[0m  [1m[34mSELECT "users".* FROM "users" WHERE "users"."id" = $1 ORDER BY "users"."id" ASC LIMIT $2[0m  [["id", 1], ["LIMIT", 1]]
  ↳ app/views/shared/_navbar.html.erb:15
  Rendered shared/_navbar.html.erb (Duration: 15.1ms | Allocations: 5308)
  Rendered shared/_flashes.html.erb (Duration: 0.5ms | Allocations: 192)
  Rendered shared/_footer.html.erb (Duration: 0.4ms | Allocations: 116)
  Rendered layout layouts/application.html.erb (Duration: 51.2ms | Allocations: 33233)
Completed 200 OK in 56ms (Views: 46.6ms | ActiveRecord: 6.1ms | Allocations: 34947)


Started GET "/" for ::1 at 2024-10-13 22:53:55 +0100
Processing by PagesController#home as HTML
  Rendering layout layouts/application.html.erb
  Rendering pages/home.html.erb within layouts/application
  Rendered shared/_jumbotron.html.erb (Duration: 0.4ms | Allocations: 133)
  Rendered pages/home.html.erb within layouts/application (Duration: 1.1ms | Allocations: 364)
  [1m[36mUser Load (0.2ms)[0m  [1m[34mSELECT "users".* FROM "users" WHERE "users"."id" = $1 ORDER BY "users"."id" ASC LIMIT $2[0m  [["id", 1], ["LIMIT", 1]]
  ↳ app/views/shared/_navbar.html.erb:15
  Rendered shared/_navbar.html.erb (Duration: 14.2ms | Allocations: 5312)
  Rendered shared/_flashes.html.erb (Duration: 0.7ms | Allocations: 192)
  Rendered shared/_footer.html.erb (Duration: 0.5ms | Allocations: 116)
  Rendered layout layouts/application.html.erb (Duration: 8757.5ms | Allocations: 96890)
Completed 200 OK in 8762ms (Views: 8756.0ms | ActiveRecord: 3.1ms | Allocations: 98603)


Started GET "/" for ::1 at 2024-10-13 22:54:20 +0100
Processing by PagesController#home as HTML
  Rendering layout layouts/application.html.erb
  Rendering pages/home.html.erb within layouts/application
  Rendered shared/_jumbotron.html.erb (Duration: 0.0ms | Allocations: 9)
  Rendered pages/home.html.erb within layouts/application (Duration: 0.4ms | Allocations: 73)
  [1m[36mUser Load (0.3ms)[0m  [1m[34mSELECT "users".* FROM "users" WHERE "users"."id" = $1 ORDER BY "users"."id" ASC LIMIT $2[0m  [["id", 1], ["LIMIT", 1]]
  ↳ app/views/shared/_navbar.html.erb:15
  Rendered shared/_navbar.html.erb (Duration: 4.3ms | Allocations: 841)
  Rendered shared/_flashes.html.erb (Duration: 0.1ms | Allocations: 22)
  Rendered shared/_footer.html.erb (Duration: 0.0ms | Allocations: 8)
  Rendered layout layouts/application.html.erb (Duration: 24.3ms | Allocations: 8892)
Completed 200 OK in 26ms (Views: 24.9ms | ActiveRecord: 0.3ms | Allocations: 9132)


Started GET "/" for ::1 at 2024-10-13 22:54:20 +0100
Processing by PagesController#home as HTML
  Rendering layout layouts/application.html.erb
  Rendering pages/home.html.erb within layouts/application
  Rendered shared/_jumbotron.html.erb (Duration: 0.1ms | Allocations: 9)
  Rendered pages/home.html.erb within layouts/application (Duration: 0.4ms | Allocations: 73)
  [1m[36mUser Load (0.3ms)[0m  [1m[34mSELECT "users".* FROM "users" WHERE "users"."id" = $1 ORDER BY "users"."id" ASC LIMIT $2[0m  [["id", 1], ["LIMIT", 1]]
  ↳ app/views/shared/_navbar.html.erb:15
  Rendered shared/_navbar.html.erb (Duration: 6.8ms | Allocations: 841)
  Rendered shared/_flashes.html.erb (Duration: 0.1ms | Allocations: 22)
  Rendered shared/_footer.html.erb (Duration: 0.0ms | Allocations: 8)
  Rendered layout layouts/application.html.erb (Duration: 30.6ms | Allocations: 8897)
Completed 200 OK in 32ms (Views: 30.9ms | ActiveRecord: 0.3ms | Allocations: 9137)


Started GET "/" for ::1 at 2024-10-13 22:54:20 +0100
Processing by PagesController#home as HTML
  Rendering layout layouts/application.html.erb
  Rendering pages/home.html.erb within layouts/application
  Rendered shared/_jumbotron.html.erb (Duration: 0.0ms | Allocations: 9)
  Rendered pages/home.html.erb within layouts/application (Duration: 0.2ms | Allocations: 73)
  [1m[36mUser Load (0.2ms)[0m  [1m[34mSELECT "users".* FROM "users" WHERE "users"."id" = $1 ORDER BY "users"."id" ASC LIMIT $2[0m  [["id", 1], ["LIMIT", 1]]
  ↳ app/views/shared/_navbar.html.erb:15
  Rendered shared/_navbar.html.erb (Duration: 3.6ms | Allocations: 841)
  Rendered shared/_flashes.html.erb (Duration: 0.1ms | Allocations: 22)
  Rendered shared/_footer.html.erb (Duration: 0.0ms | Allocations: 8)
  Rendered layout layouts/application.html.erb (Duration: 23.4ms | Allocations: 8885)
Completed 200 OK in 25ms (Views: 23.9ms | ActiveRecord: 0.2ms | Allocations: 9125)


Started GET "/" for ::1 at 2024-10-13 22:54:20 +0100
Processing by PagesController#home as HTML
  Rendering layout layouts/application.html.erb
  Rendering pages/home.html.erb within layouts/application
  Rendered shared/_jumbotron.html.erb (Duration: 0.0ms | Allocations: 9)
  Rendered pages/home.html.erb within layouts/application (Duration: 0.6ms | Allocations: 131)
  [1m[36mUser Load (0.2ms)[0m  [1m[34mSELECT "users".* FROM "users" WHERE "users"."id" = $1 ORDER BY "users"."id" ASC LIMIT $2[0m  [["id", 1], ["LIMIT", 1]]
  ↳ app/views/shared/_navbar.html.erb:15
  Rendered shared/_navbar.html.erb (Duration: 2.9ms | Allocations: 841)
  Rendered shared/_flashes.html.erb (Duration: 0.1ms | Allocations: 22)
  Rendered shared/_footer.html.erb (Duration: 0.0ms | Allocations: 8)
  Rendered layout layouts/application.html.erb (Duration: 62.9ms | Allocations: 14706)
Completed 200 OK in 66ms (Views: 63.8ms | ActiveRecord: 0.2ms | Allocations: 15189)


Started GET "/" for ::1 at 2024-10-13 22:54:20 +0100
Processing by PagesController#home as HTML
  Rendering layout layouts/application.html.erb
  Rendering pages/home.html.erb within layouts/application
  Rendered shared/_jumbotron.html.erb (Duration: 0.1ms | Allocations: 9)
  Rendered pages/home.html.erb within layouts/application (Duration: 0.4ms | Allocations: 73)
  [1m[36mUser Load (0.2ms)[0m  [1m[34mSELECT "users".* FROM "users" WHERE "users"."id" = $1 ORDER BY "users"."id" ASC LIMIT $2[0m  [["id", 1], ["LIMIT", 1]]
  ↳ app/views/shared/_navbar.html.erb:15
  Rendered shared/_navbar.html.erb (Duration: 3.8ms | Allocations: 841)
  Rendered shared/_flashes.html.erb (Duration: 0.1ms | Allocations: 22)
  Rendered shared/_footer.html.erb (Duration: 0.0ms | Allocations: 8)
  Rendered layout layouts/application.html.erb (Duration: 27.5ms | Allocations: 8886)
Completed 200 OK in 29ms (Views: 28.2ms | ActiveRecord: 0.2ms | Allocations: 9125)


Started GET "/" for ::1 at 2024-10-13 23:06:16 +0100
Processing by PagesController#home as HTML
  Rendering layout layouts/application.html.erb
  Rendering pages/home.html.erb within layouts/application
  Rendered shared/_jumbotron.html.erb (Duration: 0.1ms | Allocations: 9)
  Rendered pages/home.html.erb within layouts/application (Duration: 0.6ms | Allocations: 73)
  [1m[36mUser Load (0.5ms)[0m  [1m[34mSELECT "users".* FROM "users" WHERE "users"."id" = $1 ORDER BY "users"."id" ASC LIMIT $2[0m  [["id", 1], ["LIMIT", 1]]
  ↳ app/views/shared/_navbar.html.erb:15
  Rendered shared/_navbar.html.erb (Duration: 15.6ms | Allocations: 3684)
  Rendered shared/_flashes.html.erb (Duration: 0.1ms | Allocations: 22)
  Rendered shared/_footer.html.erb (Duration: 0.0ms | Allocations: 8)
  Rendered layout layouts/application.html.erb (Duration: 9113.8ms | Allocations: 75417)
Completed 200 OK in 9115ms (Views: 9108.1ms | ActiveRecord: 6.3ms | Allocations: 75664)


Started GET "/" for ::1 at 2024-10-13 23:11:04 +0100
Processing by PagesController#home as HTML
  Rendering layout layouts/application.html.erb
  Rendering pages/home.html.erb within layouts/application
  Rendered shared/_jumbotron.html.erb (Duration: 0.5ms | Allocations: 133)
  Rendered pages/home.html.erb within layouts/application (Duration: 1.4ms | Allocations: 380)
  [1m[36mUser Load (0.3ms)[0m  [1m[34mSELECT "users".* FROM "users" WHERE "users"."id" = $1 ORDER BY "users"."id" ASC LIMIT $2[0m  [["id", 1], ["LIMIT", 1]]
  ↳ app/views/shared/_navbar.html.erb:15
  Rendered shared/_navbar.html.erb (Duration: 14.6ms | Allocations: 5397)
  Rendered shared/_flashes.html.erb (Duration: 0.6ms | Allocations: 192)
  Rendered shared/_footer.html.erb (Duration: 0.5ms | Allocations: 115)
  Rendered layout layouts/application.html.erb (Duration: 8607.5ms | Allocations: 97013)
Completed 200 OK in 8613ms (Views: 8604.5ms | ActiveRecord: 5.4ms | Allocations: 98727)


Started GET "/" for ::1 at 2024-10-13 23:12:33 +0100
Processing by PagesController#home as HTML
  Rendering layout layouts/application.html.erb
  Rendering pages/home.html.erb within layouts/application
  Rendered shared/_jumbotron.html.erb (Duration: 0.3ms | Allocations: 133)
  Rendered pages/home.html.erb within layouts/application (Duration: 1.2ms | Allocations: 384)
  [1m[36mUser Load (0.4ms)[0m  [1m[34mSELECT "users".* FROM "users" WHERE "users"."id" = $1 ORDER BY "users"."id" ASC LIMIT $2[0m  [["id", 1], ["LIMIT", 1]]
  ↳ app/views/shared/_navbar.html.erb:15
  Rendered shared/_navbar.html.erb (Duration: 16.6ms | Allocations: 5307)
  Rendered shared/_flashes.html.erb (Duration: 0.6ms | Allocations: 192)
  Rendered shared/_footer.html.erb (Duration: 0.5ms | Allocations: 115)
  Rendered layout layouts/application.html.erb (Duration: 51.9ms | Allocations: 33245)
Completed 200 OK in 57ms (Views: 49.6ms | ActiveRecord: 3.8ms | Allocations: 34959)


Started GET "/" for ::1 at 2024-10-13 23:13:17 +0100
Processing by PagesController#home as HTML
  Rendering layout layouts/application.html.erb
  Rendering pages/home.html.erb within layouts/application
  Rendered shared/_jumbotron.html.erb (Duration: 0.5ms | Allocations: 133)
  Rendered pages/home.html.erb within layouts/application (Duration: 1.5ms | Allocations: 384)
  [1m[36mUser Load (0.3ms)[0m  [1m[34mSELECT "users".* FROM "users" WHERE "users"."id" = $1 ORDER BY "users"."id" ASC LIMIT $2[0m  [["id", 1], ["LIMIT", 1]]
  ↳ app/views/shared/_navbar.html.erb:15
  Rendered shared/_navbar.html.erb (Duration: 14.3ms | Allocations: 5310)
  Rendered shared/_flashes.html.erb (Duration: 0.6ms | Allocations: 192)
  Rendered shared/_footer.html.erb (Duration: 0.5ms | Allocations: 115)
  Rendered layout layouts/application.html.erb (Duration: 57.8ms | Allocations: 33273)
Completed 200 OK in 63ms (Views: 54.7ms | ActiveRecord: 5.1ms | Allocations: 34987)


Started GET "/" for ::1 at 2024-10-14 08:07:09 +0100
  [1m[36mActiveRecord::SchemaMigration Load (39.7ms)[0m  [1m[34mSELECT "schema_migrations"."version" FROM "schema_migrations" ORDER BY "schema_migrations"."version" ASC[0m
Processing by PagesController#home as HTML
  Rendering layout layouts/application.html.erb
  Rendering pages/home.html.erb within layouts/application
  Rendered shared/_jumbotron.html.erb (Duration: 0.5ms | Allocations: 150)
  Rendered pages/home.html.erb within layouts/application (Duration: 5.9ms | Allocations: 554)
  [1m[36mUser Load (34.4ms)[0m  [1m[34mSELECT "users".* FROM "users" WHERE "users"."id" = $1 ORDER BY "users"."id" ASC LIMIT $2[0m  [["id", 1], ["LIMIT", 1]]
  ↳ app/views/shared/_navbar.html.erb:16
  Rendered shared/_navbar.html.erb (Duration: 1183.7ms | Allocations: 20394)
  Rendered shared/_flashes.html.erb (Duration: 0.5ms | Allocations: 216)
  Rendered shared/_footer.html.erb (Duration: 0.3ms | Allocations: 117)
  Rendered layout layouts/application.html.erb (Duration: 15364.0ms | Allocations: 167932)
Completed 200 OK in 15445ms (Views: 14507.8ms | ActiveRecord: 871.3ms | Allocations: 173162)


Started GET "/" for ::1 at 2024-10-14 08:09:27 +0100
Processing by PagesController#home as HTML
  Rendering layout layouts/application.html.erb
  Rendering pages/home.html.erb within layouts/application
  Rendered shared/_jumbotron.html.erb (Duration: 0.1ms | Allocations: 9)
  Rendered pages/home.html.erb within layouts/application (Duration: 0.5ms | Allocations: 73)
  [1m[36mUser Load (0.7ms)[0m  [1m[34mSELECT "users".* FROM "users" WHERE "users"."id" = $1 ORDER BY "users"."id" ASC LIMIT $2[0m  [["id", 1], ["LIMIT", 1]]
  ↳ app/views/shared/_navbar.html.erb:16
  Rendered shared/_navbar.html.erb (Duration: 5.3ms | Allocations: 840)
  Rendered shared/_flashes.html.erb (Duration: 0.1ms | Allocations: 22)
  Rendered shared/_footer.html.erb (Duration: 0.1ms | Allocations: 8)
  Rendered layout layouts/application.html.erb (Duration: 10251.9ms | Allocations: 72611)
Completed 200 OK in 10253ms (Views: 10251.9ms | ActiveRecord: 0.7ms | Allocations: 72855)


Started GET "/" for ::1 at 2024-10-14 08:13:55 +0100
Processing by PagesController#home as HTML
  Rendering layout layouts/application.html.erb
  Rendering pages/home.html.erb within layouts/application
  Rendered shared/_jumbotron.html.erb (Duration: 0.1ms | Allocations: 9)
  Rendered pages/home.html.erb within layouts/application (Duration: 7.1ms | Allocations: 73)
  [1m[36mUser Load (0.4ms)[0m  [1m[34mSELECT "users".* FROM "users" WHERE "users"."id" = $1 ORDER BY "users"."id" ASC LIMIT $2[0m  [["id", 1], ["LIMIT", 1]]
  ↳ app/views/shared/_navbar.html.erb:16
  Rendered shared/_navbar.html.erb (Duration: 2.6ms | Allocations: 839)
  Rendered shared/_flashes.html.erb (Duration: 0.1ms | Allocations: 22)
  Rendered shared/_footer.html.erb (Duration: 0.0ms | Allocations: 8)
  Rendered layout layouts/application.html.erb (Duration: 8888.4ms | Allocations: 72804)
Completed 200 OK in 8896ms (Views: 8892.4ms | ActiveRecord: 0.4ms | Allocations: 73047)


Started GET "/" for ::1 at 2024-10-14 08:14:30 +0100
Processing by PagesController#home as HTML
  Rendering layout layouts/application.html.erb
  Rendering pages/home.html.erb within layouts/application
  Rendered shared/_jumbotron.html.erb (Duration: 0.0ms | Allocations: 9)
  Rendered pages/home.html.erb within layouts/application (Duration: 0.4ms | Allocations: 73)
  [1m[36mUser Load (0.4ms)[0m  [1m[34mSELECT "users".* FROM "users" WHERE "users"."id" = $1 ORDER BY "users"."id" ASC LIMIT $2[0m  [["id", 1], ["LIMIT", 1]]
  ↳ app/views/shared/_navbar.html.erb:16
  Rendered shared/_navbar.html.erb (Duration: 2.6ms | Allocations: 828)
  Rendered shared/_flashes.html.erb (Duration: 0.1ms | Allocations: 22)
  Rendered shared/_footer.html.erb (Duration: 0.0ms | Allocations: 8)
  Rendered layout layouts/application.html.erb (Duration: 8595.7ms | Allocations: 72754)
Completed 200 OK in 8600ms (Views: 8599.2ms | ActiveRecord: 0.4ms | Allocations: 72993)


Started GET "/" for ::1 at 2024-10-14 08:22:45 +0100
Processing by PagesController#home as HTML
  Rendering layout layouts/application.html.erb
  Rendering pages/home.html.erb within layouts/application
  Rendered shared/_jumbotron.html.erb (Duration: 0.0ms | Allocations: 9)
  Rendered pages/home.html.erb within layouts/application (Duration: 0.3ms | Allocations: 73)
  [1m[36mUser Load (0.5ms)[0m  [1m[34mSELECT "users".* FROM "users" WHERE "users"."id" = $1 ORDER BY "users"."id" ASC LIMIT $2[0m  [["id", 1], ["LIMIT", 1]]
  ↳ app/views/shared/_navbar.html.erb:16
  Rendered shared/_navbar.html.erb (Duration: 15.5ms | Allocations: 3682)
  Rendered shared/_flashes.html.erb (Duration: 0.1ms | Allocations: 22)
  Rendered shared/_footer.html.erb (Duration: 0.0ms | Allocations: 8)
  Rendered layout layouts/application.html.erb (Duration: 9108.6ms | Allocations: 75511)
Completed 200 OK in 9110ms (Views: 9103.1ms | ActiveRecord: 6.2ms | Allocations: 75753)


Started GET "/" for ::1 at 2024-10-14 08:27:54 +0100
Processing by PagesController#home as HTML
  Rendering layout layouts/application.html.erb
  Rendering pages/home.html.erb within layouts/application
  Rendered shared/_jumbotron.html.erb (Duration: 0.6ms | Allocations: 133)
  Rendered pages/home.html.erb within layouts/application (Duration: 1.5ms | Allocations: 405)
  [1m[36mUser Load (0.3ms)[0m  [1m[34mSELECT "users".* FROM "users" WHERE "users"."id" = $1 ORDER BY "users"."id" ASC LIMIT $2[0m  [["id", 1], ["LIMIT", 1]]
  ↳ app/views/shared/_navbar.html.erb:16
  Rendered shared/_navbar.html.erb (Duration: 14.3ms | Allocations: 5385)
  Rendered shared/_flashes.html.erb (Duration: 0.6ms | Allocations: 192)
  Rendered shared/_footer.html.erb (Duration: 0.4ms | Allocations: 115)
  Rendered layout layouts/application.html.erb (Duration: 50.5ms | Allocations: 33487)
Completed 200 OK in 56ms (Views: 46.6ms | ActiveRecord: 5.8ms | Allocations: 35204)


Started GET "/" for ::1 at 2024-10-14 08:28:58 +0100
Processing by PagesController#home as HTML
  Rendering layout layouts/application.html.erb
  Rendering pages/home.html.erb within layouts/application
  Rendered shared/_jumbotron.html.erb (Duration: 0.3ms | Allocations: 133)
  Rendered pages/home.html.erb within layouts/application (Duration: 1.1ms | Allocations: 405)
  [1m[36mUser Load (0.3ms)[0m  [1m[34mSELECT "users".* FROM "users" WHERE "users"."id" = $1 ORDER BY "users"."id" ASC LIMIT $2[0m  [["id", 1], ["LIMIT", 1]]
  ↳ app/views/shared/_navbar.html.erb:16
  Rendered shared/_navbar.html.erb (Duration: 14.4ms | Allocations: 5288)
  Rendered shared/_flashes.html.erb (Duration: 0.6ms | Allocations: 192)
  Rendered shared/_footer.html.erb (Duration: 0.5ms | Allocations: 115)
  Rendered layout layouts/application.html.erb (Duration: 57.3ms | Allocations: 33423)
Completed 200 OK in 62ms (Views: 54.1ms | ActiveRecord: 4.7ms | Allocations: 35138)


Started GET "/" for ::1 at 2024-10-14 08:30:12 +0100
Processing by PagesController#home as HTML
  Rendering layout layouts/application.html.erb
  Rendering pages/home.html.erb within layouts/application
  Rendered shared/_jumbotron.html.erb (Duration: 0.3ms | Allocations: 133)
  Rendered pages/home.html.erb within layouts/application (Duration: 1.1ms | Allocations: 403)
  [1m[36mUser Load (0.3ms)[0m  [1m[34mSELECT "users".* FROM "users" WHERE "users"."id" = $1 ORDER BY "users"."id" ASC LIMIT $2[0m  [["id", 1], ["LIMIT", 1]]
  ↳ app/views/shared/_navbar.html.erb:16
  Rendered shared/_navbar.html.erb (Duration: 18.3ms | Allocations: 5285)
  Rendered shared/_flashes.html.erb (Duration: 0.6ms | Allocations: 194)
  Rendered shared/_footer.html.erb (Duration: 0.6ms | Allocations: 115)
  Rendered layout layouts/application.html.erb (Duration: 53.7ms | Allocations: 33367)
Completed 200 OK in 60ms (Views: 51.5ms | ActiveRecord: 3.9ms | Allocations: 35082)


Started GET "/" for ::1 at 2024-10-14 08:33:54 +0100
Processing by PagesController#home as HTML
  Rendering layout layouts/application.html.erb
  Rendering pages/home.html.erb within layouts/application
  Rendered shared/_jumbotron.html.erb (Duration: 0.5ms | Allocations: 134)
  Rendered pages/home.html.erb within layouts/application (Duration: 1.6ms | Allocations: 403)
  [1m[36mUser Load (0.2ms)[0m  [1m[34mSELECT "users".* FROM "users" WHERE "users"."id" = $1 ORDER BY "users"."id" ASC LIMIT $2[0m  [["id", 1], ["LIMIT", 1]]
  ↳ app/views/shared/_navbar.html.erb:16
  Rendered shared/_navbar.html.erb (Duration: 16.4ms | Allocations: 5286)
  Rendered shared/_flashes.html.erb (Duration: 0.5ms | Allocations: 192)
  Rendered shared/_footer.html.erb (Duration: 0.4ms | Allocations: 115)
  Rendered layout layouts/application.html.erb (Duration: 51.1ms | Allocations: 33456)
Completed 200 OK in 56ms (Views: 49.4ms | ActiveRecord: 3.4ms | Allocations: 35171)


Started GET "/" for ::1 at 2024-10-14 08:34:17 +0100
Processing by PagesController#home as HTML
  Rendering layout layouts/application.html.erb
  Rendering pages/home.html.erb within layouts/application
  Rendered shared/_jumbotron.html.erb (Duration: 0.4ms | Allocations: 134)
  Rendered pages/home.html.erb within layouts/application (Duration: 1.3ms | Allocations: 403)
  [1m[36mUser Load (0.3ms)[0m  [1m[34mSELECT "users".* FROM "users" WHERE "users"."id" = $1 ORDER BY "users"."id" ASC LIMIT $2[0m  [["id", 1], ["LIMIT", 1]]
  ↳ app/views/shared/_navbar.html.erb:16
  Rendered shared/_navbar.html.erb (Duration: 17.4ms | Allocations: 5290)
  Rendered shared/_flashes.html.erb (Duration: 0.7ms | Allocations: 192)
  Rendered shared/_footer.html.erb (Duration: 0.5ms | Allocations: 115)
  Rendered layout layouts/application.html.erb (Duration: 58.9ms | Allocations: 33444)
Completed 200 OK in 68ms (Views: 60.8ms | ActiveRecord: 3.5ms | Allocations: 35161)


Started GET "/" for ::1 at 2024-10-14 11:20:34 +0100
  [1m[36mActiveRecord::SchemaMigration Load (17.7ms)[0m  [1m[34mSELECT "schema_migrations"."version" FROM "schema_migrations" ORDER BY "schema_migrations"."version" ASC[0m
Processing by PagesController#home as HTML
  Rendering layout layouts/application.html.erb
  Rendering pages/home.html.erb within layouts/application
  Rendered shared/_jumbotron.html.erb (Duration: 1.5ms | Allocations: 150)
  Rendered pages/home.html.erb within layouts/application (Duration: 4.3ms | Allocations: 561)
  [1m[36mUser Load (30.4ms)[0m  [1m[34mSELECT "users".* FROM "users" WHERE "users"."id" = $1 ORDER BY "users"."id" ASC LIMIT $2[0m  [["id", 1], ["LIMIT", 1]]
  ↳ app/views/shared/_navbar.html.erb:16
  Rendered shared/_navbar.html.erb (Duration: 473.5ms | Allocations: 20394)
  Rendered shared/_flashes.html.erb (Duration: 1.0ms | Allocations: 216)
  Rendered shared/_footer.html.erb (Duration: 0.4ms | Allocations: 117)
  Rendered layout layouts/application.html.erb (Duration: 1581.3ms | Allocations: 105629)
Completed 200 OK in 1676ms (Views: 1261.8ms | ActiveRecord: 350.1ms | Allocations: 110854)


